<?xml version="1.0" encoding="utf-8"?><testsuites name="pytest tests"><testsuite name="pytest" errors="0" failures="6" skipped="0" tests="91" time="227.044" timestamp="2026-09-08T15:56:42.633049-03:00" hostname="MINTDEVNOTE"><testcase classname="tests.test_account_session_mfa" name="test_login_registers_session_before_fail_closed_validation" time="215.784"><failure message="django.template.exceptions.TemplateSyntaxError: Template: /mnt/2c8d19a3-3bbb-4f90-b09f-9e17c780ce6a/Projects/mindcare/templates/layouts/partials/navigation.html, Invalid block tag on line 72: 'endif'. Did you forget to register or load this tag?">self = &lt;Parser tokens=[&lt;Text token: "  &lt;/ul&gt;&lt;/nav&gt;..."&gt;, &lt;Block token: "endif..."&gt;, &lt;Text token: "    ..."&gt;, &lt;Block token: "e... is_clinic_admin..."&gt;, &lt;Text token: "        ..."&gt;, &lt;Block token: "endif..."&gt;, &lt;Text token: "&gt;            &lt;span ..."&gt;]&gt;
parse_until = []

    def parse(self, parse_until=None):
        """
        Iterate through the parser tokens and compiles each one into a node.
    
        If parse_until is provided, parsing will stop once one of the
        specified tokens has been reached. This is formatted as a list of
        tokens, e.g. ['elif', 'else', 'endif']. If no matching token is
        reached, raise an exception with the unclosed block tag details.
        """
        if parse_until is None:
            parse_until = []
        nodelist = NodeList()
        while self.tokens:
            token = self.next_token()
            # Use the raw values here for TokenType.* for a tiny performance
            # boost.
            token_type = token.token_type.value
            if token_type == 0:  # TokenType.TEXT
                self.extend_nodelist(nodelist, TextNode(token.contents), token)
            elif token_type == 1:  # TokenType.VAR
                if not token.contents:
                    raise self.error(
                        token, "Empty variable tag on line %d" % token.lineno
                    )
                try:
                    filter_expression = self.compile_filter(token.contents)
                except TemplateSyntaxError as e:
                    raise self.error(token, e)
                var_node = VariableNode(filter_expression)
                if ".." in str(filter_expression.var):
                    warnings.warn(
                        "Support for double-dot lookups '..' which maps to a "
                        "lookup of the empty string is deprecated.\n"
                        f"  Template: {self.origin.name}\n"
                        f"  Line: {token.lineno}",
                        RemovedInDjango70Warning,
                        skip_file_prefixes=django_file_prefixes(),
                    )
    
                    # RemovedInDjango70Warning
                    # When deprecation ends elevate the warning to an error.
                    # raise self.error(
                    #     token,
                    #     ("Variable contains '..' on line %d" % token.lineno),
                    # )
    
                self.extend_nodelist(nodelist, var_node, token)
            elif token_type == 2:  # TokenType.BLOCK
                try:
                    command = token.contents.split()[0]
                except IndexError:
                    raise self.error(token, "Empty block tag on line %d" % token.lineno)
                if command in parse_until:
                    # A matching token has been reached. Return control to
                    # the caller. Put the token back on the token list so the
                    # caller knows where it terminated.
                    self.prepend_token(token)
                    return nodelist
                # Add the token to the command stack. This is used for error
                # messages if further parsing fails due to an unclosed block
                # tag.
                self.command_stack.append((command, token))
                # Get the tag callback function from the ones registered with
                # the parser.
                try:
&gt;                   compile_func = self.tags[command]
                                   ^^^^^^^^^^^^^^^^^^
E                   KeyError: 'endif'

.venv/lib/python3.14/site-packages/django/template/base.py:594: KeyError

During handling of the above exception, another exception occurred:

client = &lt;django.test.client.Client object at 0x7146fbf8ead0&gt;

    @override_settings(ACCOUNT_SESSION_ALLOW_UNKNOWN=False)
    def test_login_registers_session_before_fail_closed_validation(client: Client) -&gt; None:
        clinic = ClinicFactory.create()
        user = User.objects.create_user(
            email="login-rastreado@example.test",
            password="senha-sintetica-segura",
        )
        ClinicMembershipFactory.create(
            clinic=clinic,
            user=user,
            role=ClinicMembership.Role.THERAPIST,
        )
    
        response = client.post(
            reverse("account_login"),
            {
                "email": "login-rastreado@example.test",
                "password": "senha-sintetica-segura",
            },
        )
    
        assert response.status_code == 302
        assert AccountSession.objects.filter(user=user, revoked_at__isnull=True).exists()
&gt;       assert client.get(reverse("workspace_vertical")).status_code == 200
               ^^^^^^^^^^^^^^^^^^^^^^^^^^^^^^^^^^^^^^^^^

tests/test_account_session_mfa.py:88: 
_ _ _ _ _ _ _ _ _ _ _ _ _ _ _ _ _ _ _ _ _ _ _ _ _ _ _ _ _ _ _ _ _ _ _ _ _ _ _ _ 
.venv/lib/python3.14/site-packages/django/test/client.py:1128: in get
    response = super().get(
.venv/lib/python3.14/site-packages/django/test/client.py:475: in get
    return self.generic(
.venv/lib/python3.14/site-packages/django/test/client.py:671: in generic
    return self.request(**r)
           ^^^^^^^^^^^^^^^^^
.venv/lib/python3.14/site-packages/django/test/client.py:1091: in request
    self.check_exception(response)
.venv/lib/python3.14/site-packages/django/test/client.py:805: in check_exception
    raise exc_value
.venv/lib/python3.14/site-packages/django/core/handlers/exception.py:56: in inner
    response = get_response(request)
               ^^^^^^^^^^^^^^^^^^^^^
.venv/lib/python3.14/site-packages/django/core/handlers/base.py:222: in _get_response
    response = response.render()
               ^^^^^^^^^^^^^^^^^
.venv/lib/python3.14/site-packages/django/template/response.py:114: in render
    self.content = self.rendered_content
                   ^^^^^^^^^^^^^^^^^^^^^
.venv/lib/python3.14/site-packages/django/template/response.py:92: in rendered_content
    return template.render(context, self._request)
           ^^^^^^^^^^^^^^^^^^^^^^^^^^^^^^^^^^^^^^^
.venv/lib/python3.14/site-packages/django/template/backends/django.py:107: in render
    return self.template.render(context)
           ^^^^^^^^^^^^^^^^^^^^^^^^^^^^^
.venv/lib/python3.14/site-packages/django/template/base.py:174: in render
    return self._render(context)
           ^^^^^^^^^^^^^^^^^^^^^
.venv/lib/python3.14/site-packages/django/test/utils.py:113: in instrumented_test_render
    return self.nodelist.render(context)
           ^^^^^^^^^^^^^^^^^^^^^^^^^^^^^
.venv/lib/python3.14/site-packages/django/template/base.py:1107: in render
    return SafeString("".join([node.render_annotated(context) for node in self]))
                               ^^^^^^^^^^^^^^^^^^^^^^^^^^^^^^
.venv/lib/python3.14/site-packages/django/template/base.py:1068: in render_annotated
    return self.render(context)
           ^^^^^^^^^^^^^^^^^^^^
.venv/lib/python3.14/site-packages/django/template/loader_tags.py:160: in render
    return compiled_parent._render(context)
           ^^^^^^^^^^^^^^^^^^^^^^^^^^^^^^^^
.venv/lib/python3.14/site-packages/django/test/utils.py:113: in instrumented_test_render
    return self.nodelist.render(context)
           ^^^^^^^^^^^^^^^^^^^^^^^^^^^^^
.venv/lib/python3.14/site-packages/django/template/base.py:1107: in render
    return SafeString("".join([node.render_annotated(context) for node in self]))
                               ^^^^^^^^^^^^^^^^^^^^^^^^^^^^^^
.venv/lib/python3.14/site-packages/django/template/base.py:1068: in render_annotated
    return self.render(context)
           ^^^^^^^^^^^^^^^^^^^^
.venv/lib/python3.14/site-packages/django/template/loader_tags.py:160: in render
    return compiled_parent._render(context)
           ^^^^^^^^^^^^^^^^^^^^^^^^^^^^^^^^
.venv/lib/python3.14/site-packages/django/test/utils.py:113: in instrumented_test_render
    return self.nodelist.render(context)
           ^^^^^^^^^^^^^^^^^^^^^^^^^^^^^
.venv/lib/python3.14/site-packages/django/template/base.py:1107: in render
    return SafeString("".join([node.render_annotated(context) for node in self]))
                               ^^^^^^^^^^^^^^^^^^^^^^^^^^^^^^
.venv/lib/python3.14/site-packages/django/template/base.py:1068: in render_annotated
    return self.render(context)
           ^^^^^^^^^^^^^^^^^^^^
.venv/lib/python3.14/site-packages/django/template/loader_tags.py:66: in render
    result = block.nodelist.render(context)
             ^^^^^^^^^^^^^^^^^^^^^^^^^^^^^^
.venv/lib/python3.14/site-packages/django/template/base.py:1107: in render
    return SafeString("".join([node.render_annotated(context) for node in self]))
                               ^^^^^^^^^^^^^^^^^^^^^^^^^^^^^^
.venv/lib/python3.14/site-packages/django/template/base.py:1068: in render_annotated
    return self.render(context)
           ^^^^^^^^^^^^^^^^^^^^
.venv/lib/python3.14/site-packages/django/template/loader_tags.py:200: in render
    template = context.template.engine.select_template(template_name)
               ^^^^^^^^^^^^^^^^^^^^^^^^^^^^^^^^^^^^^^^^^^^^^^^^^^^^^^
.venv/lib/python3.14/site-packages/django/template/engine.py:228: in select_template
    return self.get_template(template_name)
           ^^^^^^^^^^^^^^^^^^^^^^^^^^^^^^^^
.venv/lib/python3.14/site-packages/django/template/engine.py:186: in get_template
    template, origin = self.find_template(template_name)
                       ^^^^^^^^^^^^^^^^^^^^^^^^^^^^^^^^^
.venv/lib/python3.14/site-packages/django/template/engine.py:159: in find_template
    template = loader.get_template(name, skip=skip)
               ^^^^^^^^^^^^^^^^^^^^^^^^^^^^^^^^^^^^
.venv/lib/python3.14/site-packages/django/template/loaders/cached.py:57: in get_template
    template = super().get_template(template_name, skip)
               ^^^^^^^^^^^^^^^^^^^^^^^^^^^^^^^^^^^^^^^^^
.venv/lib/python3.14/site-packages/django/template/loaders/base.py:28: in get_template
    return Template(
.venv/lib/python3.14/site-packages/django/template/base.py:157: in __init__
    self.nodelist = self.compile_nodelist()
                    ^^^^^^^^^^^^^^^^^^^^^^^
.venv/lib/python3.14/site-packages/django/template/base.py:199: in compile_nodelist
    nodelist = parser.parse()
               ^^^^^^^^^^^^^^
.venv/lib/python3.14/site-packages/django/template/base.py:596: in parse
    self.invalid_block_tag(token, command, parse_until)
_ _ _ _ _ _ _ _ _ _ _ _ _ _ _ _ _ _ _ _ _ _ _ _ _ _ _ _ _ _ _ _ _ _ _ _ _ _ _ _ 

self = &lt;Parser tokens=[&lt;Text token: "  &lt;/ul&gt;&lt;/nav&gt;..."&gt;, &lt;Block token: "endif..."&gt;, &lt;Text token: "    ..."&gt;, &lt;Block token: "e... is_clinic_admin..."&gt;, &lt;Text token: "        ..."&gt;, &lt;Block token: "endif..."&gt;, &lt;Text token: "&gt;            &lt;span ..."&gt;]&gt;
token = &lt;Block token: "endif..."&gt;, command = 'endif', parse_until = []

    def invalid_block_tag(self, token, command, parse_until=None):
        if parse_until:
            raise self.error(
                token,
                "Invalid block tag on line %d: '%s', expected %s. Did you "
                "forget to register or load this tag?"
                % (
                    token.lineno,
                    command,
                    get_text_list(["'%s'" % p for p in parse_until], "or"),
                ),
            )
&gt;       raise self.error(
            token,
            "Invalid block tag on line %d: '%s'. Did you forget to register "
            "or load this tag?" % (token.lineno, command),
        )
E       django.template.exceptions.TemplateSyntaxError: Template: /mnt/2c8d19a3-3bbb-4f90-b09f-9e17c780ce6a/Projects/mindcare/templates/layouts/partials/navigation.html, Invalid block tag on line 72: 'endif'. Did you forget to register or load this tag?

.venv/lib/python3.14/site-packages/django/template/base.py:661: TemplateSyntaxError</failure></testcase><testcase classname="tests.test_account_session_mfa" name="test_registered_session_has_minimized_device_data_and_enforced_expiry" time="0.082"><failure message="django.template.exceptions.TemplateSyntaxError: Template: /mnt/2c8d19a3-3bbb-4f90-b09f-9e17c780ce6a/Projects/mindcare/templates/layouts/partials/navigation.html, Invalid block tag on line 72: 'endif'. Did you forget to register or load this tag?">self = &lt;Parser tokens=[&lt;Text token: "  &lt;/ul&gt;&lt;/nav&gt;..."&gt;, &lt;Block token: "endif..."&gt;, &lt;Text token: "    ..."&gt;, &lt;Block token: "e... is_clinic_admin..."&gt;, &lt;Text token: "        ..."&gt;, &lt;Block token: "endif..."&gt;, &lt;Text token: "&gt;            &lt;span ..."&gt;]&gt;
parse_until = []

    def parse(self, parse_until=None):
        """
        Iterate through the parser tokens and compiles each one into a node.
    
        If parse_until is provided, parsing will stop once one of the
        specified tokens has been reached. This is formatted as a list of
        tokens, e.g. ['elif', 'else', 'endif']. If no matching token is
        reached, raise an exception with the unclosed block tag details.
        """
        if parse_until is None:
            parse_until = []
        nodelist = NodeList()
        while self.tokens:
            token = self.next_token()
            # Use the raw values here for TokenType.* for a tiny performance
            # boost.
            token_type = token.token_type.value
            if token_type == 0:  # TokenType.TEXT
                self.extend_nodelist(nodelist, TextNode(token.contents), token)
            elif token_type == 1:  # TokenType.VAR
                if not token.contents:
                    raise self.error(
                        token, "Empty variable tag on line %d" % token.lineno
                    )
                try:
                    filter_expression = self.compile_filter(token.contents)
                except TemplateSyntaxError as e:
                    raise self.error(token, e)
                var_node = VariableNode(filter_expression)
                if ".." in str(filter_expression.var):
                    warnings.warn(
                        "Support for double-dot lookups '..' which maps to a "
                        "lookup of the empty string is deprecated.\n"
                        f"  Template: {self.origin.name}\n"
                        f"  Line: {token.lineno}",
                        RemovedInDjango70Warning,
                        skip_file_prefixes=django_file_prefixes(),
                    )
    
                    # RemovedInDjango70Warning
                    # When deprecation ends elevate the warning to an error.
                    # raise self.error(
                    #     token,
                    #     ("Variable contains '..' on line %d" % token.lineno),
                    # )
    
                self.extend_nodelist(nodelist, var_node, token)
            elif token_type == 2:  # TokenType.BLOCK
                try:
                    command = token.contents.split()[0]
                except IndexError:
                    raise self.error(token, "Empty block tag on line %d" % token.lineno)
                if command in parse_until:
                    # A matching token has been reached. Return control to
                    # the caller. Put the token back on the token list so the
                    # caller knows where it terminated.
                    self.prepend_token(token)
                    return nodelist
                # Add the token to the command stack. This is used for error
                # messages if further parsing fails due to an unclosed block
                # tag.
                self.command_stack.append((command, token))
                # Get the tag callback function from the ones registered with
                # the parser.
                try:
&gt;                   compile_func = self.tags[command]
                                   ^^^^^^^^^^^^^^^^^^
E                   KeyError: 'endif'

.venv/lib/python3.14/site-packages/django/template/base.py:594: KeyError

During handling of the above exception, another exception occurred:

client = &lt;django.test.client.Client object at 0x7146fa06d810&gt;

    @override_settings(
        ACCOUNT_SESSION_IDLE_SECONDS=900,
        ACCOUNT_SESSION_ABSOLUTE_SECONDS=7200,
    )
    def test_registered_session_has_minimized_device_data_and_enforced_expiry(
        client: Client,
    ) -&gt; None:
        user, _clinic = authenticated_admin(client)
&gt;       request = client.get("/workspace/").wsgi_request
                  ^^^^^^^^^^^^^^^^^^^^^^^^^

tests/test_account_session_mfa.py:99: 
_ _ _ _ _ _ _ _ _ _ _ _ _ _ _ _ _ _ _ _ _ _ _ _ _ _ _ _ _ _ _ _ _ _ _ _ _ _ _ _ 
.venv/lib/python3.14/site-packages/django/test/client.py:1128: in get
    response = super().get(
.venv/lib/python3.14/site-packages/django/test/client.py:475: in get
    return self.generic(
.venv/lib/python3.14/site-packages/django/test/client.py:671: in generic
    return self.request(**r)
           ^^^^^^^^^^^^^^^^^
.venv/lib/python3.14/site-packages/django/test/client.py:1091: in request
    self.check_exception(response)
.venv/lib/python3.14/site-packages/django/test/client.py:805: in check_exception
    raise exc_value
.venv/lib/python3.14/site-packages/django/core/handlers/exception.py:56: in inner
    response = get_response(request)
               ^^^^^^^^^^^^^^^^^^^^^
.venv/lib/python3.14/site-packages/django/core/handlers/base.py:222: in _get_response
    response = response.render()
               ^^^^^^^^^^^^^^^^^
.venv/lib/python3.14/site-packages/django/template/response.py:114: in render
    self.content = self.rendered_content
                   ^^^^^^^^^^^^^^^^^^^^^
.venv/lib/python3.14/site-packages/django/template/response.py:92: in rendered_content
    return template.render(context, self._request)
           ^^^^^^^^^^^^^^^^^^^^^^^^^^^^^^^^^^^^^^^
.venv/lib/python3.14/site-packages/django/template/backends/django.py:107: in render
    return self.template.render(context)
           ^^^^^^^^^^^^^^^^^^^^^^^^^^^^^
.venv/lib/python3.14/site-packages/django/template/base.py:174: in render
    return self._render(context)
           ^^^^^^^^^^^^^^^^^^^^^
.venv/lib/python3.14/site-packages/django/test/utils.py:113: in instrumented_test_render
    return self.nodelist.render(context)
           ^^^^^^^^^^^^^^^^^^^^^^^^^^^^^
.venv/lib/python3.14/site-packages/django/template/base.py:1107: in render
    return SafeString("".join([node.render_annotated(context) for node in self]))
                               ^^^^^^^^^^^^^^^^^^^^^^^^^^^^^^
.venv/lib/python3.14/site-packages/django/template/base.py:1068: in render_annotated
    return self.render(context)
           ^^^^^^^^^^^^^^^^^^^^
.venv/lib/python3.14/site-packages/django/template/loader_tags.py:160: in render
    return compiled_parent._render(context)
           ^^^^^^^^^^^^^^^^^^^^^^^^^^^^^^^^
.venv/lib/python3.14/site-packages/django/test/utils.py:113: in instrumented_test_render
    return self.nodelist.render(context)
           ^^^^^^^^^^^^^^^^^^^^^^^^^^^^^
.venv/lib/python3.14/site-packages/django/template/base.py:1107: in render
    return SafeString("".join([node.render_annotated(context) for node in self]))
                               ^^^^^^^^^^^^^^^^^^^^^^^^^^^^^^
.venv/lib/python3.14/site-packages/django/template/base.py:1068: in render_annotated
    return self.render(context)
           ^^^^^^^^^^^^^^^^^^^^
.venv/lib/python3.14/site-packages/django/template/loader_tags.py:160: in render
    return compiled_parent._render(context)
           ^^^^^^^^^^^^^^^^^^^^^^^^^^^^^^^^
.venv/lib/python3.14/site-packages/django/test/utils.py:113: in instrumented_test_render
    return self.nodelist.render(context)
           ^^^^^^^^^^^^^^^^^^^^^^^^^^^^^
.venv/lib/python3.14/site-packages/django/template/base.py:1107: in render
    return SafeString("".join([node.render_annotated(context) for node in self]))
                               ^^^^^^^^^^^^^^^^^^^^^^^^^^^^^^
.venv/lib/python3.14/site-packages/django/template/base.py:1068: in render_annotated
    return self.render(context)
           ^^^^^^^^^^^^^^^^^^^^
.venv/lib/python3.14/site-packages/django/template/loader_tags.py:66: in render
    result = block.nodelist.render(context)
             ^^^^^^^^^^^^^^^^^^^^^^^^^^^^^^
.venv/lib/python3.14/site-packages/django/template/base.py:1107: in render
    return SafeString("".join([node.render_annotated(context) for node in self]))
                               ^^^^^^^^^^^^^^^^^^^^^^^^^^^^^^
.venv/lib/python3.14/site-packages/django/template/base.py:1068: in render_annotated
    return self.render(context)
           ^^^^^^^^^^^^^^^^^^^^
.venv/lib/python3.14/site-packages/django/template/loader_tags.py:200: in render
    template = context.template.engine.select_template(template_name)
               ^^^^^^^^^^^^^^^^^^^^^^^^^^^^^^^^^^^^^^^^^^^^^^^^^^^^^^
.venv/lib/python3.14/site-packages/django/template/engine.py:228: in select_template
    return self.get_template(template_name)
           ^^^^^^^^^^^^^^^^^^^^^^^^^^^^^^^^
.venv/lib/python3.14/site-packages/django/template/engine.py:186: in get_template
    template, origin = self.find_template(template_name)
                       ^^^^^^^^^^^^^^^^^^^^^^^^^^^^^^^^^
.venv/lib/python3.14/site-packages/django/template/engine.py:159: in find_template
    template = loader.get_template(name, skip=skip)
               ^^^^^^^^^^^^^^^^^^^^^^^^^^^^^^^^^^^^
.venv/lib/python3.14/site-packages/django/template/loaders/cached.py:57: in get_template
    template = super().get_template(template_name, skip)
               ^^^^^^^^^^^^^^^^^^^^^^^^^^^^^^^^^^^^^^^^^
.venv/lib/python3.14/site-packages/django/template/loaders/base.py:28: in get_template
    return Template(
.venv/lib/python3.14/site-packages/django/template/base.py:157: in __init__
    self.nodelist = self.compile_nodelist()
                    ^^^^^^^^^^^^^^^^^^^^^^^
.venv/lib/python3.14/site-packages/django/template/base.py:199: in compile_nodelist
    nodelist = parser.parse()
               ^^^^^^^^^^^^^^
.venv/lib/python3.14/site-packages/django/template/base.py:596: in parse
    self.invalid_block_tag(token, command, parse_until)
_ _ _ _ _ _ _ _ _ _ _ _ _ _ _ _ _ _ _ _ _ _ _ _ _ _ _ _ _ _ _ _ _ _ _ _ _ _ _ _ 

self = &lt;Parser tokens=[&lt;Text token: "  &lt;/ul&gt;&lt;/nav&gt;..."&gt;, &lt;Block token: "endif..."&gt;, &lt;Text token: "    ..."&gt;, &lt;Block token: "e... is_clinic_admin..."&gt;, &lt;Text token: "        ..."&gt;, &lt;Block token: "endif..."&gt;, &lt;Text token: "&gt;            &lt;span ..."&gt;]&gt;
token = &lt;Block token: "endif..."&gt;, command = 'endif', parse_until = []

    def invalid_block_tag(self, token, command, parse_until=None):
        if parse_until:
            raise self.error(
                token,
                "Invalid block tag on line %d: '%s', expected %s. Did you "
                "forget to register or load this tag?"
                % (
                    token.lineno,
                    command,
                    get_text_list(["'%s'" % p for p in parse_until], "or"),
                ),
            )
&gt;       raise self.error(
            token,
            "Invalid block tag on line %d: '%s'. Did you forget to register "
            "or load this tag?" % (token.lineno, command),
        )
E       django.template.exceptions.TemplateSyntaxError: Template: /mnt/2c8d19a3-3bbb-4f90-b09f-9e17c780ce6a/Projects/mindcare/templates/layouts/partials/navigation.html, Invalid block tag on line 72: 'endif'. Did you forget to register or load this tag?

.venv/lib/python3.14/site-packages/django/template/base.py:661: TemplateSyntaxError</failure></testcase><testcase classname="tests.test_account_session_mfa" name="test_unknown_session_is_rejected_when_fail_closed_is_enabled" time="0.092"><failure message="django.template.exceptions.TemplateSyntaxError: Template: /mnt/2c8d19a3-3bbb-4f90-b09f-9e17c780ce6a/Projects/mindcare/templates/layouts/partials/navigation.html, Invalid block tag on line 72: 'endif'. Did you forget to register or load this tag?">self = &lt;Parser tokens=[&lt;Text token: "  &lt;/ul&gt;&lt;/nav&gt;..."&gt;, &lt;Block token: "endif..."&gt;, &lt;Text token: "    ..."&gt;, &lt;Block token: "e... is_clinic_admin..."&gt;, &lt;Text token: "        ..."&gt;, &lt;Block token: "endif..."&gt;, &lt;Text token: "&gt;            &lt;span ..."&gt;]&gt;
parse_until = []

    def parse(self, parse_until=None):
        """
        Iterate through the parser tokens and compiles each one into a node.
    
        If parse_until is provided, parsing will stop once one of the
        specified tokens has been reached. This is formatted as a list of
        tokens, e.g. ['elif', 'else', 'endif']. If no matching token is
        reached, raise an exception with the unclosed block tag details.
        """
        if parse_until is None:
            parse_until = []
        nodelist = NodeList()
        while self.tokens:
            token = self.next_token()
            # Use the raw values here for TokenType.* for a tiny performance
            # boost.
            token_type = token.token_type.value
            if token_type == 0:  # TokenType.TEXT
                self.extend_nodelist(nodelist, TextNode(token.contents), token)
            elif token_type == 1:  # TokenType.VAR
                if not token.contents:
                    raise self.error(
                        token, "Empty variable tag on line %d" % token.lineno
                    )
                try:
                    filter_expression = self.compile_filter(token.contents)
                except TemplateSyntaxError as e:
                    raise self.error(token, e)
                var_node = VariableNode(filter_expression)
                if ".." in str(filter_expression.var):
                    warnings.warn(
                        "Support for double-dot lookups '..' which maps to a "
                        "lookup of the empty string is deprecated.\n"
                        f"  Template: {self.origin.name}\n"
                        f"  Line: {token.lineno}",
                        RemovedInDjango70Warning,
                        skip_file_prefixes=django_file_prefixes(),
                    )
    
                    # RemovedInDjango70Warning
                    # When deprecation ends elevate the warning to an error.
                    # raise self.error(
                    #     token,
                    #     ("Variable contains '..' on line %d" % token.lineno),
                    # )
    
                self.extend_nodelist(nodelist, var_node, token)
            elif token_type == 2:  # TokenType.BLOCK
                try:
                    command = token.contents.split()[0]
                except IndexError:
                    raise self.error(token, "Empty block tag on line %d" % token.lineno)
                if command in parse_until:
                    # A matching token has been reached. Return control to
                    # the caller. Put the token back on the token list so the
                    # caller knows where it terminated.
                    self.prepend_token(token)
                    return nodelist
                # Add the token to the command stack. This is used for error
                # messages if further parsing fails due to an unclosed block
                # tag.
                self.command_stack.append((command, token))
                # Get the tag callback function from the ones registered with
                # the parser.
                try:
&gt;                   compile_func = self.tags[command]
                                   ^^^^^^^^^^^^^^^^^^
E                   KeyError: 'endif'

.venv/lib/python3.14/site-packages/django/template/base.py:594: KeyError

During handling of the above exception, another exception occurred:

client = &lt;django.test.client.Client object at 0x7146fa019490&gt;

    @override_settings(ACCOUNT_SESSION_ALLOW_UNKNOWN=True)
    def test_unknown_session_is_rejected_when_fail_closed_is_enabled(
        client: Client,
    ) -&gt; None:
        user, _clinic = authenticated_admin(client)
&gt;       request = client.get("/workspace/").wsgi_request
                  ^^^^^^^^^^^^^^^^^^^^^^^^^

tests/test_account_session_mfa.py:119: 
_ _ _ _ _ _ _ _ _ _ _ _ _ _ _ _ _ _ _ _ _ _ _ _ _ _ _ _ _ _ _ _ _ _ _ _ _ _ _ _ 
.venv/lib/python3.14/site-packages/django/test/client.py:1128: in get
    response = super().get(
.venv/lib/python3.14/site-packages/django/test/client.py:475: in get
    return self.generic(
.venv/lib/python3.14/site-packages/django/test/client.py:671: in generic
    return self.request(**r)
           ^^^^^^^^^^^^^^^^^
.venv/lib/python3.14/site-packages/django/test/client.py:1091: in request
    self.check_exception(response)
.venv/lib/python3.14/site-packages/django/test/client.py:805: in check_exception
    raise exc_value
.venv/lib/python3.14/site-packages/django/core/handlers/exception.py:56: in inner
    response = get_response(request)
               ^^^^^^^^^^^^^^^^^^^^^
.venv/lib/python3.14/site-packages/django/core/handlers/base.py:222: in _get_response
    response = response.render()
               ^^^^^^^^^^^^^^^^^
.venv/lib/python3.14/site-packages/django/template/response.py:114: in render
    self.content = self.rendered_content
                   ^^^^^^^^^^^^^^^^^^^^^
.venv/lib/python3.14/site-packages/django/template/response.py:92: in rendered_content
    return template.render(context, self._request)
           ^^^^^^^^^^^^^^^^^^^^^^^^^^^^^^^^^^^^^^^
.venv/lib/python3.14/site-packages/django/template/backends/django.py:107: in render
    return self.template.render(context)
           ^^^^^^^^^^^^^^^^^^^^^^^^^^^^^
.venv/lib/python3.14/site-packages/django/template/base.py:174: in render
    return self._render(context)
           ^^^^^^^^^^^^^^^^^^^^^
.venv/lib/python3.14/site-packages/django/test/utils.py:113: in instrumented_test_render
    return self.nodelist.render(context)
           ^^^^^^^^^^^^^^^^^^^^^^^^^^^^^
.venv/lib/python3.14/site-packages/django/template/base.py:1107: in render
    return SafeString("".join([node.render_annotated(context) for node in self]))
                               ^^^^^^^^^^^^^^^^^^^^^^^^^^^^^^
.venv/lib/python3.14/site-packages/django/template/base.py:1068: in render_annotated
    return self.render(context)
           ^^^^^^^^^^^^^^^^^^^^
.venv/lib/python3.14/site-packages/django/template/loader_tags.py:160: in render
    return compiled_parent._render(context)
           ^^^^^^^^^^^^^^^^^^^^^^^^^^^^^^^^
.venv/lib/python3.14/site-packages/django/test/utils.py:113: in instrumented_test_render
    return self.nodelist.render(context)
           ^^^^^^^^^^^^^^^^^^^^^^^^^^^^^
.venv/lib/python3.14/site-packages/django/template/base.py:1107: in render
    return SafeString("".join([node.render_annotated(context) for node in self]))
                               ^^^^^^^^^^^^^^^^^^^^^^^^^^^^^^
.venv/lib/python3.14/site-packages/django/template/base.py:1068: in render_annotated
    return self.render(context)
           ^^^^^^^^^^^^^^^^^^^^
.venv/lib/python3.14/site-packages/django/template/loader_tags.py:160: in render
    return compiled_parent._render(context)
           ^^^^^^^^^^^^^^^^^^^^^^^^^^^^^^^^
.venv/lib/python3.14/site-packages/django/test/utils.py:113: in instrumented_test_render
    return self.nodelist.render(context)
           ^^^^^^^^^^^^^^^^^^^^^^^^^^^^^
.venv/lib/python3.14/site-packages/django/template/base.py:1107: in render
    return SafeString("".join([node.render_annotated(context) for node in self]))
                               ^^^^^^^^^^^^^^^^^^^^^^^^^^^^^^
.venv/lib/python3.14/site-packages/django/template/base.py:1068: in render_annotated
    return self.render(context)
           ^^^^^^^^^^^^^^^^^^^^
.venv/lib/python3.14/site-packages/django/template/loader_tags.py:66: in render
    result = block.nodelist.render(context)
             ^^^^^^^^^^^^^^^^^^^^^^^^^^^^^^
.venv/lib/python3.14/site-packages/django/template/base.py:1107: in render
    return SafeString("".join([node.render_annotated(context) for node in self]))
                               ^^^^^^^^^^^^^^^^^^^^^^^^^^^^^^
.venv/lib/python3.14/site-packages/django/template/base.py:1068: in render_annotated
    return self.render(context)
           ^^^^^^^^^^^^^^^^^^^^
.venv/lib/python3.14/site-packages/django/template/loader_tags.py:200: in render
    template = context.template.engine.select_template(template_name)
               ^^^^^^^^^^^^^^^^^^^^^^^^^^^^^^^^^^^^^^^^^^^^^^^^^^^^^^
.venv/lib/python3.14/site-packages/django/template/engine.py:228: in select_template
    return self.get_template(template_name)
           ^^^^^^^^^^^^^^^^^^^^^^^^^^^^^^^^
.venv/lib/python3.14/site-packages/django/template/engine.py:186: in get_template
    template, origin = self.find_template(template_name)
                       ^^^^^^^^^^^^^^^^^^^^^^^^^^^^^^^^^
.venv/lib/python3.14/site-packages/django/template/engine.py:159: in find_template
    template = loader.get_template(name, skip=skip)
               ^^^^^^^^^^^^^^^^^^^^^^^^^^^^^^^^^^^^
.venv/lib/python3.14/site-packages/django/template/loaders/cached.py:57: in get_template
    template = super().get_template(template_name, skip)
               ^^^^^^^^^^^^^^^^^^^^^^^^^^^^^^^^^^^^^^^^^
.venv/lib/python3.14/site-packages/django/template/loaders/base.py:28: in get_template
    return Template(
.venv/lib/python3.14/site-packages/django/template/base.py:157: in __init__
    self.nodelist = self.compile_nodelist()
                    ^^^^^^^^^^^^^^^^^^^^^^^
.venv/lib/python3.14/site-packages/django/template/base.py:199: in compile_nodelist
    nodelist = parser.parse()
               ^^^^^^^^^^^^^^
.venv/lib/python3.14/site-packages/django/template/base.py:596: in parse
    self.invalid_block_tag(token, command, parse_until)
_ _ _ _ _ _ _ _ _ _ _ _ _ _ _ _ _ _ _ _ _ _ _ _ _ _ _ _ _ _ _ _ _ _ _ _ _ _ _ _ 

self = &lt;Parser tokens=[&lt;Text token: "  &lt;/ul&gt;&lt;/nav&gt;..."&gt;, &lt;Block token: "endif..."&gt;, &lt;Text token: "    ..."&gt;, &lt;Block token: "e... is_clinic_admin..."&gt;, &lt;Text token: "        ..."&gt;, &lt;Block token: "endif..."&gt;, &lt;Text token: "&gt;            &lt;span ..."&gt;]&gt;
token = &lt;Block token: "endif..."&gt;, command = 'endif', parse_until = []

    def invalid_block_tag(self, token, command, parse_until=None):
        if parse_until:
            raise self.error(
                token,
                "Invalid block tag on line %d: '%s', expected %s. Did you "
                "forget to register or load this tag?"
                % (
                    token.lineno,
                    command,
                    get_text_list(["'%s'" % p for p in parse_until], "or"),
                ),
            )
&gt;       raise self.error(
            token,
            "Invalid block tag on line %d: '%s'. Did you forget to register "
            "or load this tag?" % (token.lineno, command),
        )
E       django.template.exceptions.TemplateSyntaxError: Template: /mnt/2c8d19a3-3bbb-4f90-b09f-9e17c780ce6a/Projects/mindcare/templates/layouts/partials/navigation.html, Invalid block tag on line 72: 'endif'. Did you forget to register or load this tag?

.venv/lib/python3.14/site-packages/django/template/base.py:661: TemplateSyntaxError</failure></testcase><testcase classname="tests.test_account_session_mfa" name="test_user_can_revoke_one_or_all_other_sessions" time="0.056"><failure message="django.template.exceptions.TemplateSyntaxError: Template: /mnt/2c8d19a3-3bbb-4f90-b09f-9e17c780ce6a/Projects/mindcare/templates/layouts/partials/navigation.html, Invalid block tag on line 72: 'endif'. Did you forget to register or load this tag?">self = &lt;Parser tokens=[&lt;Text token: "  &lt;/ul&gt;&lt;/nav&gt;..."&gt;, &lt;Block token: "endif..."&gt;, &lt;Text token: "    ..."&gt;, &lt;Block token: "e... is_clinic_admin..."&gt;, &lt;Text token: "        ..."&gt;, &lt;Block token: "endif..."&gt;, &lt;Text token: "&gt;            &lt;span ..."&gt;]&gt;
parse_until = []

    def parse(self, parse_until=None):
        """
        Iterate through the parser tokens and compiles each one into a node.
    
        If parse_until is provided, parsing will stop once one of the
        specified tokens has been reached. This is formatted as a list of
        tokens, e.g. ['elif', 'else', 'endif']. If no matching token is
        reached, raise an exception with the unclosed block tag details.
        """
        if parse_until is None:
            parse_until = []
        nodelist = NodeList()
        while self.tokens:
            token = self.next_token()
            # Use the raw values here for TokenType.* for a tiny performance
            # boost.
            token_type = token.token_type.value
            if token_type == 0:  # TokenType.TEXT
                self.extend_nodelist(nodelist, TextNode(token.contents), token)
            elif token_type == 1:  # TokenType.VAR
                if not token.contents:
                    raise self.error(
                        token, "Empty variable tag on line %d" % token.lineno
                    )
                try:
                    filter_expression = self.compile_filter(token.contents)
                except TemplateSyntaxError as e:
                    raise self.error(token, e)
                var_node = VariableNode(filter_expression)
                if ".." in str(filter_expression.var):
                    warnings.warn(
                        "Support for double-dot lookups '..' which maps to a "
                        "lookup of the empty string is deprecated.\n"
                        f"  Template: {self.origin.name}\n"
                        f"  Line: {token.lineno}",
                        RemovedInDjango70Warning,
                        skip_file_prefixes=django_file_prefixes(),
                    )
    
                    # RemovedInDjango70Warning
                    # When deprecation ends elevate the warning to an error.
                    # raise self.error(
                    #     token,
                    #     ("Variable contains '..' on line %d" % token.lineno),
                    # )
    
                self.extend_nodelist(nodelist, var_node, token)
            elif token_type == 2:  # TokenType.BLOCK
                try:
                    command = token.contents.split()[0]
                except IndexError:
                    raise self.error(token, "Empty block tag on line %d" % token.lineno)
                if command in parse_until:
                    # A matching token has been reached. Return control to
                    # the caller. Put the token back on the token list so the
                    # caller knows where it terminated.
                    self.prepend_token(token)
                    return nodelist
                # Add the token to the command stack. This is used for error
                # messages if further parsing fails due to an unclosed block
                # tag.
                self.command_stack.append((command, token))
                # Get the tag callback function from the ones registered with
                # the parser.
                try:
&gt;                   compile_func = self.tags[command]
                                   ^^^^^^^^^^^^^^^^^^
E                   KeyError: 'endif'

.venv/lib/python3.14/site-packages/django/template/base.py:594: KeyError

During handling of the above exception, another exception occurred:

client = &lt;django.test.client.Client object at 0x7146fa9257b0&gt;

    def test_user_can_revoke_one_or_all_other_sessions(client: Client) -&gt; None:
        user, clinic = authenticated_admin(client)
&gt;       current_request = client.get("/workspace/").wsgi_request
                          ^^^^^^^^^^^^^^^^^^^^^^^^^

tests/test_account_session_mfa.py:129: 
_ _ _ _ _ _ _ _ _ _ _ _ _ _ _ _ _ _ _ _ _ _ _ _ _ _ _ _ _ _ _ _ _ _ _ _ _ _ _ _ 
.venv/lib/python3.14/site-packages/django/test/client.py:1128: in get
    response = super().get(
.venv/lib/python3.14/site-packages/django/test/client.py:475: in get
    return self.generic(
.venv/lib/python3.14/site-packages/django/test/client.py:671: in generic
    return self.request(**r)
           ^^^^^^^^^^^^^^^^^
.venv/lib/python3.14/site-packages/django/test/client.py:1091: in request
    self.check_exception(response)
.venv/lib/python3.14/site-packages/django/test/client.py:805: in check_exception
    raise exc_value
.venv/lib/python3.14/site-packages/django/core/handlers/exception.py:56: in inner
    response = get_response(request)
               ^^^^^^^^^^^^^^^^^^^^^
.venv/lib/python3.14/site-packages/django/core/handlers/base.py:222: in _get_response
    response = response.render()
               ^^^^^^^^^^^^^^^^^
.venv/lib/python3.14/site-packages/django/template/response.py:114: in render
    self.content = self.rendered_content
                   ^^^^^^^^^^^^^^^^^^^^^
.venv/lib/python3.14/site-packages/django/template/response.py:92: in rendered_content
    return template.render(context, self._request)
           ^^^^^^^^^^^^^^^^^^^^^^^^^^^^^^^^^^^^^^^
.venv/lib/python3.14/site-packages/django/template/backends/django.py:107: in render
    return self.template.render(context)
           ^^^^^^^^^^^^^^^^^^^^^^^^^^^^^
.venv/lib/python3.14/site-packages/django/template/base.py:174: in render
    return self._render(context)
           ^^^^^^^^^^^^^^^^^^^^^
.venv/lib/python3.14/site-packages/django/test/utils.py:113: in instrumented_test_render
    return self.nodelist.render(context)
           ^^^^^^^^^^^^^^^^^^^^^^^^^^^^^
.venv/lib/python3.14/site-packages/django/template/base.py:1107: in render
    return SafeString("".join([node.render_annotated(context) for node in self]))
                               ^^^^^^^^^^^^^^^^^^^^^^^^^^^^^^
.venv/lib/python3.14/site-packages/django/template/base.py:1068: in render_annotated
    return self.render(context)
           ^^^^^^^^^^^^^^^^^^^^
.venv/lib/python3.14/site-packages/django/template/loader_tags.py:160: in render
    return compiled_parent._render(context)
           ^^^^^^^^^^^^^^^^^^^^^^^^^^^^^^^^
.venv/lib/python3.14/site-packages/django/test/utils.py:113: in instrumented_test_render
    return self.nodelist.render(context)
           ^^^^^^^^^^^^^^^^^^^^^^^^^^^^^
.venv/lib/python3.14/site-packages/django/template/base.py:1107: in render
    return SafeString("".join([node.render_annotated(context) for node in self]))
                               ^^^^^^^^^^^^^^^^^^^^^^^^^^^^^^
.venv/lib/python3.14/site-packages/django/template/base.py:1068: in render_annotated
    return self.render(context)
           ^^^^^^^^^^^^^^^^^^^^
.venv/lib/python3.14/site-packages/django/template/loader_tags.py:160: in render
    return compiled_parent._render(context)
           ^^^^^^^^^^^^^^^^^^^^^^^^^^^^^^^^
.venv/lib/python3.14/site-packages/django/test/utils.py:113: in instrumented_test_render
    return self.nodelist.render(context)
           ^^^^^^^^^^^^^^^^^^^^^^^^^^^^^
.venv/lib/python3.14/site-packages/django/template/base.py:1107: in render
    return SafeString("".join([node.render_annotated(context) for node in self]))
                               ^^^^^^^^^^^^^^^^^^^^^^^^^^^^^^
.venv/lib/python3.14/site-packages/django/template/base.py:1068: in render_annotated
    return self.render(context)
           ^^^^^^^^^^^^^^^^^^^^
.venv/lib/python3.14/site-packages/django/template/loader_tags.py:66: in render
    result = block.nodelist.render(context)
             ^^^^^^^^^^^^^^^^^^^^^^^^^^^^^^
.venv/lib/python3.14/site-packages/django/template/base.py:1107: in render
    return SafeString("".join([node.render_annotated(context) for node in self]))
                               ^^^^^^^^^^^^^^^^^^^^^^^^^^^^^^
.venv/lib/python3.14/site-packages/django/template/base.py:1068: in render_annotated
    return self.render(context)
           ^^^^^^^^^^^^^^^^^^^^
.venv/lib/python3.14/site-packages/django/template/loader_tags.py:200: in render
    template = context.template.engine.select_template(template_name)
               ^^^^^^^^^^^^^^^^^^^^^^^^^^^^^^^^^^^^^^^^^^^^^^^^^^^^^^
.venv/lib/python3.14/site-packages/django/template/engine.py:228: in select_template
    return self.get_template(template_name)
           ^^^^^^^^^^^^^^^^^^^^^^^^^^^^^^^^
.venv/lib/python3.14/site-packages/django/template/engine.py:186: in get_template
    template, origin = self.find_template(template_name)
                       ^^^^^^^^^^^^^^^^^^^^^^^^^^^^^^^^^
.venv/lib/python3.14/site-packages/django/template/engine.py:159: in find_template
    template = loader.get_template(name, skip=skip)
               ^^^^^^^^^^^^^^^^^^^^^^^^^^^^^^^^^^^^
.venv/lib/python3.14/site-packages/django/template/loaders/cached.py:57: in get_template
    template = super().get_template(template_name, skip)
               ^^^^^^^^^^^^^^^^^^^^^^^^^^^^^^^^^^^^^^^^^
.venv/lib/python3.14/site-packages/django/template/loaders/base.py:28: in get_template
    return Template(
.venv/lib/python3.14/site-packages/django/template/base.py:157: in __init__
    self.nodelist = self.compile_nodelist()
                    ^^^^^^^^^^^^^^^^^^^^^^^
.venv/lib/python3.14/site-packages/django/template/base.py:199: in compile_nodelist
    nodelist = parser.parse()
               ^^^^^^^^^^^^^^
.venv/lib/python3.14/site-packages/django/template/base.py:596: in parse
    self.invalid_block_tag(token, command, parse_until)
_ _ _ _ _ _ _ _ _ _ _ _ _ _ _ _ _ _ _ _ _ _ _ _ _ _ _ _ _ _ _ _ _ _ _ _ _ _ _ _ 

self = &lt;Parser tokens=[&lt;Text token: "  &lt;/ul&gt;&lt;/nav&gt;..."&gt;, &lt;Block token: "endif..."&gt;, &lt;Text token: "    ..."&gt;, &lt;Block token: "e... is_clinic_admin..."&gt;, &lt;Text token: "        ..."&gt;, &lt;Block token: "endif..."&gt;, &lt;Text token: "&gt;            &lt;span ..."&gt;]&gt;
token = &lt;Block token: "endif..."&gt;, command = 'endif', parse_until = []

    def invalid_block_tag(self, token, command, parse_until=None):
        if parse_until:
            raise self.error(
                token,
                "Invalid block tag on line %d: '%s', expected %s. Did you "
                "forget to register or load this tag?"
                % (
                    token.lineno,
                    command,
                    get_text_list(["'%s'" % p for p in parse_until], "or"),
                ),
            )
&gt;       raise self.error(
            token,
            "Invalid block tag on line %d: '%s'. Did you forget to register "
            "or load this tag?" % (token.lineno, command),
        )
E       django.template.exceptions.TemplateSyntaxError: Template: /mnt/2c8d19a3-3bbb-4f90-b09f-9e17c780ce6a/Projects/mindcare/templates/layouts/partials/navigation.html, Invalid block tag on line 72: 'endif'. Did you forget to register or load this tag?

.venv/lib/python3.14/site-packages/django/template/base.py:661: TemplateSyntaxError</failure></testcase><testcase classname="tests.test_account_session_mfa" name="test_session_revocation_audit_uses_active_clinic" time="0.028" /><testcase classname="tests.test_account_session_mfa" name="test_totp_enrollment_requires_confirmation_and_recovery_codes_are_single_use" time="0.019" /><testcase classname="tests.test_account_session_mfa" name="test_totp_key_uri_encodes_label_components_and_rfc6238_parameters" time="0.003" /><testcase classname="tests.test_account_session_mfa" name="test_mfa_enroll_get_renders_local_qr_and_manual_key_without_cache" time="0.071" /><testcase classname="tests.test_account_session_mfa" name="test_mfa_enroll_post_confirms_factor_once_and_keeps_local_continue_url" time="0.058" /><testcase classname="tests.test_account_session_mfa" name="test_enrollment_confirmation_consumes_the_totp_step" time="0.020" /><testcase classname="tests.test_account_session_mfa" name="test_confirmed_enrollment_cannot_issue_another_recovery_set" time="0.017" /><testcase classname="tests.test_account_session_mfa" name="test_enrollment_exception_report_redacts_provisioning_material" time="0.033" /><testcase classname="tests.test_account_session_mfa" name="test_full_enrollment_exception_report_redacts_every_provisioning_frame" time="0.020" /><testcase classname="tests.test_account_session_mfa" name="test_key_uri_exception_report_redacts_totp_secret" time="0.007" /><testcase classname="tests.test_account_session_mfa" name="test_confirmation_exception_report_redacts_submitted_and_recovery_codes" time="0.021" /><testcase classname="tests.test_account_session_mfa" name="test_recovery_page_exception_redacts_codes_from_view_and_post" time="0.023" /><testcase classname="tests.test_account_session_mfa" name="test_mfa_verify_exception_report_redacts_submitted_code" time="0.020" /><testcase classname="tests.test_account_session_mfa" name="test_mfa_enroll_invalid_code_preserves_pending_secret" time="0.074" /><testcase classname="tests.test_account_session_mfa" name="test_confirmed_mfa_challenge_hides_provisioning_material_and_disables_cache" time="0.022" /><testcase classname="tests.test_account_session_mfa" name="test_pending_mfa_enrollment_can_be_restarted_without_confirming_factor" time="0.079" /><testcase classname="tests.test_account_session_mfa" name="test_mfa_enrollment_rate_limit_response_is_not_cacheable" time="0.057" /><testcase classname="tests.test_account_session_mfa" name="test_privileged_session_cannot_open_workspace_until_mfa_is_verified" time="0.021" /><testcase classname="tests.test_account_session_mfa" name="test_user_cannot_revoke_another_identity_session" time="0.007" /><testcase classname="tests.test_account_session_mfa" name="test_administrative_mfa_reset_is_scoped_audited_and_ends_target_sessions" time="0.024" /><testcase classname="tests.test_account_session_mfa" name="test_administrative_mfa_reset_denies_target_from_another_clinic" time="0.012" /><testcase classname="tests.test_account_session_mfa" name="test_revoking_all_other_sessions_requires_current_password" time="0.032"><failure message="django.template.exceptions.TemplateSyntaxError: Template: /mnt/2c8d19a3-3bbb-4f90-b09f-9e17c780ce6a/Projects/mindcare/templates/layouts/partials/navigation.html, Invalid block tag on line 72: 'endif'. Did you forget to register or load this tag?">self = &lt;Parser tokens=[&lt;Text token: "  &lt;/ul&gt;&lt;/nav&gt;..."&gt;, &lt;Block token: "endif..."&gt;, &lt;Text token: "    ..."&gt;, &lt;Block token: "e... is_clinic_admin..."&gt;, &lt;Text token: "        ..."&gt;, &lt;Block token: "endif..."&gt;, &lt;Text token: "&gt;            &lt;span ..."&gt;]&gt;
parse_until = []

    def parse(self, parse_until=None):
        """
        Iterate through the parser tokens and compiles each one into a node.
    
        If parse_until is provided, parsing will stop once one of the
        specified tokens has been reached. This is formatted as a list of
        tokens, e.g. ['elif', 'else', 'endif']. If no matching token is
        reached, raise an exception with the unclosed block tag details.
        """
        if parse_until is None:
            parse_until = []
        nodelist = NodeList()
        while self.tokens:
            token = self.next_token()
            # Use the raw values here for TokenType.* for a tiny performance
            # boost.
            token_type = token.token_type.value
            if token_type == 0:  # TokenType.TEXT
                self.extend_nodelist(nodelist, TextNode(token.contents), token)
            elif token_type == 1:  # TokenType.VAR
                if not token.contents:
                    raise self.error(
                        token, "Empty variable tag on line %d" % token.lineno
                    )
                try:
                    filter_expression = self.compile_filter(token.contents)
                except TemplateSyntaxError as e:
                    raise self.error(token, e)
                var_node = VariableNode(filter_expression)
                if ".." in str(filter_expression.var):
                    warnings.warn(
                        "Support for double-dot lookups '..' which maps to a "
                        "lookup of the empty string is deprecated.\n"
                        f"  Template: {self.origin.name}\n"
                        f"  Line: {token.lineno}",
                        RemovedInDjango70Warning,
                        skip_file_prefixes=django_file_prefixes(),
                    )
    
                    # RemovedInDjango70Warning
                    # When deprecation ends elevate the warning to an error.
                    # raise self.error(
                    #     token,
                    #     ("Variable contains '..' on line %d" % token.lineno),
                    # )
    
                self.extend_nodelist(nodelist, var_node, token)
            elif token_type == 2:  # TokenType.BLOCK
                try:
                    command = token.contents.split()[0]
                except IndexError:
                    raise self.error(token, "Empty block tag on line %d" % token.lineno)
                if command in parse_until:
                    # A matching token has been reached. Return control to
                    # the caller. Put the token back on the token list so the
                    # caller knows where it terminated.
                    self.prepend_token(token)
                    return nodelist
                # Add the token to the command stack. This is used for error
                # messages if further parsing fails due to an unclosed block
                # tag.
                self.command_stack.append((command, token))
                # Get the tag callback function from the ones registered with
                # the parser.
                try:
&gt;                   compile_func = self.tags[command]
                                   ^^^^^^^^^^^^^^^^^^
E                   KeyError: 'endif'

.venv/lib/python3.14/site-packages/django/template/base.py:594: KeyError

During handling of the above exception, another exception occurred:

client = &lt;django.test.client.Client object at 0x7146fa385c70&gt;

    def test_revoking_all_other_sessions_requires_current_password(client: Client) -&gt; None:
        user, _clinic = authenticated_admin(client)
        other_django_session = Session.objects.create(
            session_key="reauth-other-session",
            session_data="e30:synthetic",
            expire_date=timezone.now() + timedelta(hours=1),
        )
        other = AccountSession.objects.create_for_session(
            user=user,
            session_key=other_django_session.session_key,
            client_label="Outro navegador",
            network_hint="",
            absolute_expires_at=timezone.now() + timedelta(hours=1),
        )
    
&gt;       denied = client.post(
            reverse("account_sessions"),
            {"action": "revoke_others", "password": "senha-incorreta"},
        )

tests/test_account_session_mfa.py:765: 
_ _ _ _ _ _ _ _ _ _ _ _ _ _ _ _ _ _ _ _ _ _ _ _ _ _ _ _ _ _ _ _ _ _ _ _ _ _ _ _ 
.venv/lib/python3.14/site-packages/django/test/client.py:1157: in post
    response = super().post(
.venv/lib/python3.14/site-packages/django/test/client.py:499: in post
    return self.generic(
.venv/lib/python3.14/site-packages/django/test/client.py:671: in generic
    return self.request(**r)
           ^^^^^^^^^^^^^^^^^
.venv/lib/python3.14/site-packages/django/test/client.py:1091: in request
    self.check_exception(response)
.venv/lib/python3.14/site-packages/django/test/client.py:805: in check_exception
    raise exc_value
.venv/lib/python3.14/site-packages/django/core/handlers/exception.py:56: in inner
    response = get_response(request)
               ^^^^^^^^^^^^^^^^^^^^^
.venv/lib/python3.14/site-packages/django/core/handlers/base.py:222: in _get_response
    response = response.render()
               ^^^^^^^^^^^^^^^^^
.venv/lib/python3.14/site-packages/django/template/response.py:114: in render
    self.content = self.rendered_content
                   ^^^^^^^^^^^^^^^^^^^^^
.venv/lib/python3.14/site-packages/django/template/response.py:92: in rendered_content
    return template.render(context, self._request)
           ^^^^^^^^^^^^^^^^^^^^^^^^^^^^^^^^^^^^^^^
.venv/lib/python3.14/site-packages/django/template/backends/django.py:107: in render
    return self.template.render(context)
           ^^^^^^^^^^^^^^^^^^^^^^^^^^^^^
.venv/lib/python3.14/site-packages/django/template/base.py:174: in render
    return self._render(context)
           ^^^^^^^^^^^^^^^^^^^^^
.venv/lib/python3.14/site-packages/django/test/utils.py:113: in instrumented_test_render
    return self.nodelist.render(context)
           ^^^^^^^^^^^^^^^^^^^^^^^^^^^^^
.venv/lib/python3.14/site-packages/django/template/base.py:1107: in render
    return SafeString("".join([node.render_annotated(context) for node in self]))
                               ^^^^^^^^^^^^^^^^^^^^^^^^^^^^^^
.venv/lib/python3.14/site-packages/django/template/base.py:1068: in render_annotated
    return self.render(context)
           ^^^^^^^^^^^^^^^^^^^^
.venv/lib/python3.14/site-packages/django/template/loader_tags.py:160: in render
    return compiled_parent._render(context)
           ^^^^^^^^^^^^^^^^^^^^^^^^^^^^^^^^
.venv/lib/python3.14/site-packages/django/test/utils.py:113: in instrumented_test_render
    return self.nodelist.render(context)
           ^^^^^^^^^^^^^^^^^^^^^^^^^^^^^
.venv/lib/python3.14/site-packages/django/template/base.py:1107: in render
    return SafeString("".join([node.render_annotated(context) for node in self]))
                               ^^^^^^^^^^^^^^^^^^^^^^^^^^^^^^
.venv/lib/python3.14/site-packages/django/template/base.py:1068: in render_annotated
    return self.render(context)
           ^^^^^^^^^^^^^^^^^^^^
.venv/lib/python3.14/site-packages/django/template/loader_tags.py:160: in render
    return compiled_parent._render(context)
           ^^^^^^^^^^^^^^^^^^^^^^^^^^^^^^^^
.venv/lib/python3.14/site-packages/django/test/utils.py:113: in instrumented_test_render
    return self.nodelist.render(context)
           ^^^^^^^^^^^^^^^^^^^^^^^^^^^^^
.venv/lib/python3.14/site-packages/django/template/base.py:1107: in render
    return SafeString("".join([node.render_annotated(context) for node in self]))
                               ^^^^^^^^^^^^^^^^^^^^^^^^^^^^^^
.venv/lib/python3.14/site-packages/django/template/base.py:1068: in render_annotated
    return self.render(context)
           ^^^^^^^^^^^^^^^^^^^^
.venv/lib/python3.14/site-packages/django/template/loader_tags.py:66: in render
    result = block.nodelist.render(context)
             ^^^^^^^^^^^^^^^^^^^^^^^^^^^^^^
.venv/lib/python3.14/site-packages/django/template/base.py:1107: in render
    return SafeString("".join([node.render_annotated(context) for node in self]))
                               ^^^^^^^^^^^^^^^^^^^^^^^^^^^^^^
.venv/lib/python3.14/site-packages/django/template/base.py:1068: in render_annotated
    return self.render(context)
           ^^^^^^^^^^^^^^^^^^^^
.venv/lib/python3.14/site-packages/django/template/loader_tags.py:200: in render
    template = context.template.engine.select_template(template_name)
               ^^^^^^^^^^^^^^^^^^^^^^^^^^^^^^^^^^^^^^^^^^^^^^^^^^^^^^
.venv/lib/python3.14/site-packages/django/template/engine.py:228: in select_template
    return self.get_template(template_name)
           ^^^^^^^^^^^^^^^^^^^^^^^^^^^^^^^^
.venv/lib/python3.14/site-packages/django/template/engine.py:186: in get_template
    template, origin = self.find_template(template_name)
                       ^^^^^^^^^^^^^^^^^^^^^^^^^^^^^^^^^
.venv/lib/python3.14/site-packages/django/template/engine.py:159: in find_template
    template = loader.get_template(name, skip=skip)
               ^^^^^^^^^^^^^^^^^^^^^^^^^^^^^^^^^^^^
.venv/lib/python3.14/site-packages/django/template/loaders/cached.py:57: in get_template
    template = super().get_template(template_name, skip)
               ^^^^^^^^^^^^^^^^^^^^^^^^^^^^^^^^^^^^^^^^^
.venv/lib/python3.14/site-packages/django/template/loaders/base.py:28: in get_template
    return Template(
.venv/lib/python3.14/site-packages/django/template/base.py:157: in __init__
    self.nodelist = self.compile_nodelist()
                    ^^^^^^^^^^^^^^^^^^^^^^^
.venv/lib/python3.14/site-packages/django/template/base.py:199: in compile_nodelist
    nodelist = parser.parse()
               ^^^^^^^^^^^^^^
.venv/lib/python3.14/site-packages/django/template/base.py:596: in parse
    self.invalid_block_tag(token, command, parse_until)
_ _ _ _ _ _ _ _ _ _ _ _ _ _ _ _ _ _ _ _ _ _ _ _ _ _ _ _ _ _ _ _ _ _ _ _ _ _ _ _ 

self = &lt;Parser tokens=[&lt;Text token: "  &lt;/ul&gt;&lt;/nav&gt;..."&gt;, &lt;Block token: "endif..."&gt;, &lt;Text token: "    ..."&gt;, &lt;Block token: "e... is_clinic_admin..."&gt;, &lt;Text token: "        ..."&gt;, &lt;Block token: "endif..."&gt;, &lt;Text token: "&gt;            &lt;span ..."&gt;]&gt;
token = &lt;Block token: "endif..."&gt;, command = 'endif', parse_until = []

    def invalid_block_tag(self, token, command, parse_until=None):
        if parse_until:
            raise self.error(
                token,
                "Invalid block tag on line %d: '%s', expected %s. Did you "
                "forget to register or load this tag?"
                % (
                    token.lineno,
                    command,
                    get_text_list(["'%s'" % p for p in parse_until], "or"),
                ),
            )
&gt;       raise self.error(
            token,
            "Invalid block tag on line %d: '%s'. Did you forget to register "
            "or load this tag?" % (token.lineno, command),
        )
E       django.template.exceptions.TemplateSyntaxError: Template: /mnt/2c8d19a3-3bbb-4f90-b09f-9e17c780ce6a/Projects/mindcare/templates/layouts/partials/navigation.html, Invalid block tag on line 72: 'endif'. Did you forget to register or load this tag?

.venv/lib/python3.14/site-packages/django/template/base.py:661: TemplateSyntaxError</failure></testcase><testcase classname="tests.test_account_session_mfa" name="test_framework_staff_access_requires_mfa_without_clinic_role" time="0.015" /><testcase classname="tests.test_account_session_mfa" name="test_totp_confirmation_and_verification_are_rate_limited" time="0.017" /><testcase classname="tests.test_account_session_mfa" name="test_mfa_attempt_budget_is_reserved_before_code_validation" time="0.005" /><testcase classname="tests.test_account_session_mfa" name="test_django_admin_login_uses_account_entrypoint" time="0.005" /><testcase classname="tests.test_account_session_mfa" name="test_global_staff_can_authenticate_through_account_entrypoint" time="0.042" /><testcase classname="tests.test_account_session_mfa" name="test_administrative_mfa_reset_requires_verified_actor_mfa" time="0.046" /><testcase classname="tests.test_account_session_mfa" name="test_administrative_mfa_reset_http_flow_requires_current_password" time="0.042" /><testcase classname="tests.test_account_session_mfa" name="test_recovery_codes_response_is_not_cacheable" time="0.044" /><testcase classname="tests.test_account_session_mfa" name="test_active_therapist_must_enroll_mfa_before_workspace" time="0.022" /><testcase classname="tests.test_account_session_mfa" name="test_administrative_staff_must_enroll_mfa_before_workspace" time="0.027" /><testcase classname="tests.test_account_session_mfa" name="test_sensitive_reauthentication_is_rate_limited_per_identity" time="0.007" /><testcase classname="tests.test_account_session_mfa" name="test_session_reauthentication_rate_limit_returns_429" time="0.025"><failure message="django.template.exceptions.TemplateSyntaxError: Template: /mnt/2c8d19a3-3bbb-4f90-b09f-9e17c780ce6a/Projects/mindcare/templates/layouts/partials/navigation.html, Invalid block tag on line 72: 'endif'. Did you forget to register or load this tag?">self = &lt;Parser tokens=[&lt;Text token: "  &lt;/ul&gt;&lt;/nav&gt;..."&gt;, &lt;Block token: "endif..."&gt;, &lt;Text token: "    ..."&gt;, &lt;Block token: "e... is_clinic_admin..."&gt;, &lt;Text token: "        ..."&gt;, &lt;Block token: "endif..."&gt;, &lt;Text token: "&gt;            &lt;span ..."&gt;]&gt;
parse_until = []

    def parse(self, parse_until=None):
        """
        Iterate through the parser tokens and compiles each one into a node.
    
        If parse_until is provided, parsing will stop once one of the
        specified tokens has been reached. This is formatted as a list of
        tokens, e.g. ['elif', 'else', 'endif']. If no matching token is
        reached, raise an exception with the unclosed block tag details.
        """
        if parse_until is None:
            parse_until = []
        nodelist = NodeList()
        while self.tokens:
            token = self.next_token()
            # Use the raw values here for TokenType.* for a tiny performance
            # boost.
            token_type = token.token_type.value
            if token_type == 0:  # TokenType.TEXT
                self.extend_nodelist(nodelist, TextNode(token.contents), token)
            elif token_type == 1:  # TokenType.VAR
                if not token.contents:
                    raise self.error(
                        token, "Empty variable tag on line %d" % token.lineno
                    )
                try:
                    filter_expression = self.compile_filter(token.contents)
                except TemplateSyntaxError as e:
                    raise self.error(token, e)
                var_node = VariableNode(filter_expression)
                if ".." in str(filter_expression.var):
                    warnings.warn(
                        "Support for double-dot lookups '..' which maps to a "
                        "lookup of the empty string is deprecated.\n"
                        f"  Template: {self.origin.name}\n"
                        f"  Line: {token.lineno}",
                        RemovedInDjango70Warning,
                        skip_file_prefixes=django_file_prefixes(),
                    )
    
                    # RemovedInDjango70Warning
                    # When deprecation ends elevate the warning to an error.
                    # raise self.error(
                    #     token,
                    #     ("Variable contains '..' on line %d" % token.lineno),
                    # )
    
                self.extend_nodelist(nodelist, var_node, token)
            elif token_type == 2:  # TokenType.BLOCK
                try:
                    command = token.contents.split()[0]
                except IndexError:
                    raise self.error(token, "Empty block tag on line %d" % token.lineno)
                if command in parse_until:
                    # A matching token has been reached. Return control to
                    # the caller. Put the token back on the token list so the
                    # caller knows where it terminated.
                    self.prepend_token(token)
                    return nodelist
                # Add the token to the command stack. This is used for error
                # messages if further parsing fails due to an unclosed block
                # tag.
                self.command_stack.append((command, token))
                # Get the tag callback function from the ones registered with
                # the parser.
                try:
&gt;                   compile_func = self.tags[command]
                                   ^^^^^^^^^^^^^^^^^^
E                   KeyError: 'endif'

.venv/lib/python3.14/site-packages/django/template/base.py:594: KeyError

During handling of the above exception, another exception occurred:

client = &lt;django.test.client.Client object at 0x7146f9ea4370&gt;

    @override_settings(
        SENSITIVE_REAUTH_RATE_LIMIT_ATTEMPTS=1,
        SENSITIVE_REAUTH_RATE_LIMIT_WINDOW_SECONDS=300,
    )
    def test_session_reauthentication_rate_limit_returns_429(client: Client) -&gt; None:
        authenticated_admin(client)
&gt;       assert client.get(reverse("account_sessions")).status_code == 200
               ^^^^^^^^^^^^^^^^^^^^^^^^^^^^^^^^^^^^^^^

tests/test_account_session_mfa.py:1034: 
_ _ _ _ _ _ _ _ _ _ _ _ _ _ _ _ _ _ _ _ _ _ _ _ _ _ _ _ _ _ _ _ _ _ _ _ _ _ _ _ 
.venv/lib/python3.14/site-packages/django/test/client.py:1128: in get
    response = super().get(
.venv/lib/python3.14/site-packages/django/test/client.py:475: in get
    return self.generic(
.venv/lib/python3.14/site-packages/django/test/client.py:671: in generic
    return self.request(**r)
           ^^^^^^^^^^^^^^^^^
.venv/lib/python3.14/site-packages/django/test/client.py:1091: in request
    self.check_exception(response)
.venv/lib/python3.14/site-packages/django/test/client.py:805: in check_exception
    raise exc_value
.venv/lib/python3.14/site-packages/django/core/handlers/exception.py:56: in inner
    response = get_response(request)
               ^^^^^^^^^^^^^^^^^^^^^
.venv/lib/python3.14/site-packages/django/core/handlers/base.py:222: in _get_response
    response = response.render()
               ^^^^^^^^^^^^^^^^^
.venv/lib/python3.14/site-packages/django/template/response.py:114: in render
    self.content = self.rendered_content
                   ^^^^^^^^^^^^^^^^^^^^^
.venv/lib/python3.14/site-packages/django/template/response.py:92: in rendered_content
    return template.render(context, self._request)
           ^^^^^^^^^^^^^^^^^^^^^^^^^^^^^^^^^^^^^^^
.venv/lib/python3.14/site-packages/django/template/backends/django.py:107: in render
    return self.template.render(context)
           ^^^^^^^^^^^^^^^^^^^^^^^^^^^^^
.venv/lib/python3.14/site-packages/django/template/base.py:174: in render
    return self._render(context)
           ^^^^^^^^^^^^^^^^^^^^^
.venv/lib/python3.14/site-packages/django/test/utils.py:113: in instrumented_test_render
    return self.nodelist.render(context)
           ^^^^^^^^^^^^^^^^^^^^^^^^^^^^^
.venv/lib/python3.14/site-packages/django/template/base.py:1107: in render
    return SafeString("".join([node.render_annotated(context) for node in self]))
                               ^^^^^^^^^^^^^^^^^^^^^^^^^^^^^^
.venv/lib/python3.14/site-packages/django/template/base.py:1068: in render_annotated
    return self.render(context)
           ^^^^^^^^^^^^^^^^^^^^
.venv/lib/python3.14/site-packages/django/template/loader_tags.py:160: in render
    return compiled_parent._render(context)
           ^^^^^^^^^^^^^^^^^^^^^^^^^^^^^^^^
.venv/lib/python3.14/site-packages/django/test/utils.py:113: in instrumented_test_render
    return self.nodelist.render(context)
           ^^^^^^^^^^^^^^^^^^^^^^^^^^^^^
.venv/lib/python3.14/site-packages/django/template/base.py:1107: in render
    return SafeString("".join([node.render_annotated(context) for node in self]))
                               ^^^^^^^^^^^^^^^^^^^^^^^^^^^^^^
.venv/lib/python3.14/site-packages/django/template/base.py:1068: in render_annotated
    return self.render(context)
           ^^^^^^^^^^^^^^^^^^^^
.venv/lib/python3.14/site-packages/django/template/loader_tags.py:160: in render
    return compiled_parent._render(context)
           ^^^^^^^^^^^^^^^^^^^^^^^^^^^^^^^^
.venv/lib/python3.14/site-packages/django/test/utils.py:113: in instrumented_test_render
    return self.nodelist.render(context)
           ^^^^^^^^^^^^^^^^^^^^^^^^^^^^^
.venv/lib/python3.14/site-packages/django/template/base.py:1107: in render
    return SafeString("".join([node.render_annotated(context) for node in self]))
                               ^^^^^^^^^^^^^^^^^^^^^^^^^^^^^^
.venv/lib/python3.14/site-packages/django/template/base.py:1068: in render_annotated
    return self.render(context)
           ^^^^^^^^^^^^^^^^^^^^
.venv/lib/python3.14/site-packages/django/template/loader_tags.py:66: in render
    result = block.nodelist.render(context)
             ^^^^^^^^^^^^^^^^^^^^^^^^^^^^^^
.venv/lib/python3.14/site-packages/django/template/base.py:1107: in render
    return SafeString("".join([node.render_annotated(context) for node in self]))
                               ^^^^^^^^^^^^^^^^^^^^^^^^^^^^^^
.venv/lib/python3.14/site-packages/django/template/base.py:1068: in render_annotated
    return self.render(context)
           ^^^^^^^^^^^^^^^^^^^^
.venv/lib/python3.14/site-packages/django/template/loader_tags.py:200: in render
    template = context.template.engine.select_template(template_name)
               ^^^^^^^^^^^^^^^^^^^^^^^^^^^^^^^^^^^^^^^^^^^^^^^^^^^^^^
.venv/lib/python3.14/site-packages/django/template/engine.py:228: in select_template
    return self.get_template(template_name)
           ^^^^^^^^^^^^^^^^^^^^^^^^^^^^^^^^
.venv/lib/python3.14/site-packages/django/template/engine.py:186: in get_template
    template, origin = self.find_template(template_name)
                       ^^^^^^^^^^^^^^^^^^^^^^^^^^^^^^^^^
.venv/lib/python3.14/site-packages/django/template/engine.py:159: in find_template
    template = loader.get_template(name, skip=skip)
               ^^^^^^^^^^^^^^^^^^^^^^^^^^^^^^^^^^^^
.venv/lib/python3.14/site-packages/django/template/loaders/cached.py:57: in get_template
    template = super().get_template(template_name, skip)
               ^^^^^^^^^^^^^^^^^^^^^^^^^^^^^^^^^^^^^^^^^
.venv/lib/python3.14/site-packages/django/template/loaders/base.py:28: in get_template
    return Template(
.venv/lib/python3.14/site-packages/django/template/base.py:157: in __init__
    self.nodelist = self.compile_nodelist()
                    ^^^^^^^^^^^^^^^^^^^^^^^
.venv/lib/python3.14/site-packages/django/template/base.py:199: in compile_nodelist
    nodelist = parser.parse()
               ^^^^^^^^^^^^^^
.venv/lib/python3.14/site-packages/django/template/base.py:596: in parse
    self.invalid_block_tag(token, command, parse_until)
_ _ _ _ _ _ _ _ _ _ _ _ _ _ _ _ _ _ _ _ _ _ _ _ _ _ _ _ _ _ _ _ _ _ _ _ _ _ _ _ 

self = &lt;Parser tokens=[&lt;Text token: "  &lt;/ul&gt;&lt;/nav&gt;..."&gt;, &lt;Block token: "endif..."&gt;, &lt;Text token: "    ..."&gt;, &lt;Block token: "e... is_clinic_admin..."&gt;, &lt;Text token: "        ..."&gt;, &lt;Block token: "endif..."&gt;, &lt;Text token: "&gt;            &lt;span ..."&gt;]&gt;
token = &lt;Block token: "endif..."&gt;, command = 'endif', parse_until = []

    def invalid_block_tag(self, token, command, parse_until=None):
        if parse_until:
            raise self.error(
                token,
                "Invalid block tag on line %d: '%s', expected %s. Did you "
                "forget to register or load this tag?"
                % (
                    token.lineno,
                    command,
                    get_text_list(["'%s'" % p for p in parse_until], "or"),
                ),
            )
&gt;       raise self.error(
            token,
            "Invalid block tag on line %d: '%s'. Did you forget to register "
            "or load this tag?" % (token.lineno, command),
        )
E       django.template.exceptions.TemplateSyntaxError: Template: /mnt/2c8d19a3-3bbb-4f90-b09f-9e17c780ce6a/Projects/mindcare/templates/layouts/partials/navigation.html, Invalid block tag on line 72: 'endif'. Did you forget to register or load this tag?

.venv/lib/python3.14/site-packages/django/template/base.py:661: TemplateSyntaxError</failure></testcase><testcase classname="tests.test_account_session_mfa" name="test_admin_mfa_challenge_returns_to_original_admin_destination" time="0.063" /><testcase classname="tests.test_account_session_mfa" name="test_initial_admin_mfa_enrollment_preserves_admin_destination" time="0.104" /><testcase classname="tests.test_accounts_authentication" name="test_login_uses_canonical_email_rotates_session_and_selects_active_tenant" time="0.042" /><testcase classname="tests.test_accounts_authentication" name="test_login_uses_same_generic_error_for_unknown_wrong_or_tenantless_identity" time="0.046" /><testcase classname="tests.test_accounts_authentication" name="test_login_rate_limit_is_configurable_and_non_enumerating" time="0.026" /><testcase classname="tests.test_accounts_authentication" name="test_login_rate_limit_cannot_be_bypassed_by_rotating_network_origin" time="0.032" /><testcase classname="tests.test_accounts_authentication" name="test_login_service_exposes_only_generic_rejection" time="0.011" /><testcase classname="tests.test_accounts_authentication" name="test_logout_is_post_only_flushes_session_and_is_audited" time="0.070" /><testcase classname="tests.test_accounts_authentication" name="test_authentication_templates_are_accessible_and_pt_br" time="0.015" /><testcase classname="tests.test_accounts_authentication" name="test_clinic_admin_issues_invitation_over_http_and_delivers_pt_br_email" time="0.075" /><testcase classname="tests.test_accounts_authentication" name="test_new_recipient_accepts_http_invitation_and_creates_membership" time="0.079" /><testcase classname="tests.test_accounts_authentication" name="test_existing_recipient_must_log_in_to_accept_http_invitation" time="0.111" /><testcase classname="tests.test_accounts_authentication" name="test_clinic_admin_revokes_invitation_over_post_only_http" time="0.080" /><testcase classname="tests.test_accounts_authentication" name="test_password_recovery_response_is_generic_for_known_and_unknown_email" time="0.027" /><testcase classname="tests.test_accounts_authentication" name="test_password_recovery_rate_limit_is_configurable" time="0.015" /><testcase classname="tests.test_accounts_authentication" name="test_password_recovery_rate_limit_cannot_be_bypassed_by_rotating_origin" time="0.027" /><testcase classname="tests.test_accounts_authentication" name="test_password_reset_is_single_use_and_invalidates_all_existing_sessions" time="0.145" /><testcase classname="tests.test_accounts_authentication" name="test_password_reset_service_rejects_expired_token" time="0.017" /><testcase classname="tests.test_accounts_authentication" name="test_password_reset_locks_identity_before_validating_token" time="0.026" /><testcase classname="tests.test_accounts_identity" name="test_user_authenticates_by_canonical_email_without_global_role" time="0.013" /><testcase classname="tests.test_accounts_identity" name="test_user_email_is_unique_case_insensitively" time="0.010" /><testcase classname="tests.test_accounts_identity" name="test_user_requires_email" time="0.013" /><testcase classname="tests.test_accounts_identity" name="test_clinic_admin_issues_and_recipient_accepts_single_use_invitation" time="0.065" /><testcase classname="tests.test_accounts_identity" name="test_invitation_requires_active_admin_in_same_clinic" time="0.026" /><testcase classname="tests.test_accounts_identity" name="test_invitation_can_be_revoked_once_and_never_stores_raw_token" time="0.056" /><testcase classname="tests.test_accounts_identity" name="test_invitation_acceptance_validates_password_before_consuming_token" time="0.034" /><testcase classname="tests.test_accounts_identity" name="test_invitation_duplicate_race_uses_generic_error_and_keeps_token_unused" time="0.051" /><testcase classname="tests.test_accounts_identity" name="test_existing_identity_accepts_second_clinic_only_as_itself" time="0.066" /><testcase classname="tests.test_accounts_identity" name="test_existing_identity_invitation_rejects_different_authenticated_actor" time="0.035" /><testcase classname="tests.test_accounts_identity" name="test_existing_membership_is_not_duplicated_when_invitation_is_accepted" time="0.101" /><testcase classname="tests.test_accounts_identity" name="test_invitation_reactivates_historical_membership_with_invited_role" time="0.056" /><testcase classname="tests.test_ai_assistant_drafting" name="test_generate_clinical_draft_creates_transient_session" time="0.022" /><testcase classname="tests.test_ai_assistant_drafting" name="test_generate_draft_fails_when_tenant_ai_disabled" time="0.020" /><testcase classname="tests.test_ai_assistant_drafting" name="test_generate_draft_fails_when_kill_switch_active" time="0.014" /><testcase classname="tests.test_ai_assistant_drafting" name="test_generate_draft_exceeding_max_input_length_rejected" time="0.018" /><testcase classname="tests.test_ai_assistant_drafting" name="test_review_and_reject_draft" time="0.026" /><testcase classname="tests.test_ai_assistant_drafting" name="test_review_and_accept_draft_requires_nominal_confirmation" time="0.035" /><testcase classname="tests.test_ai_assistant_drafting" name="test_review_with_professional_edits" time="0.027" /><testcase classname="tests.test_ai_assistant_governance" name="test_model_inventory_lifecycle" time="0.010" /><testcase classname="tests.test_ai_assistant_governance" name="test_benchmark_evaluation_run_passes_when_thresholds_met" time="0.009" /><testcase classname="tests.test_ai_assistant_governance" name="test_benchmark_evaluation_run_fails_when_scores_below_threshold" time="0.008" /><testcase classname="tests.test_ai_assistant_guardrails" name="test_guardrail_violation_persisted_with_hash_and_no_raw_text" time="0.016" /><testcase classname="tests.test_ai_assistant_guardrails" name="test_toggle_emergency_kill_switch" time="0.021" /><testcase classname="tests.test_analytics" name="test_patient_dashboard_known_dataset" time="0.075" /><testcase classname="tests.test_analytics" name="test_patient_dashboard_empty_period" time="0.042" /><testcase classname="tests.test_analytics" name="test_patient_dashboard_requires_patient_role" time="0.034" /><testcase classname="tests.test_analytics" name="test_therapist_dashboard_excludes_non_shareable_checkins" time="0.061" /><testcase classname="tests.test_analytics" name="test_therapist_dashboard_requires_therapist_role" time="0.049" /><testcase classname="tests.test_analytics" name="test_therapist_dashboard_cross_clinic_denied" time="0.107" /><testcase classname="tests.test_analytics" name="test_therapist_dashboard_excludes_ended_link" time="0.062" /><testcase classname="tests.test_analytics" name="test_clinic_panel_known_dataset" time="0.130" /><testcase classname="tests.test_analytics" name="test_clinic_panel_requires_admin" time="0.042" /><testcase classname="tests.test_analytics" name="test_clinic_panel_anonymization_threshold" time="0.099" /><testcase time="0.002" /></testsuite></testsuites>