<?xml version="1.0" encoding="utf-8"?><testsuites name="pytest tests"><testsuite name="pytest" errors="0" failures="1" skipped="0" tests="1286" time="184.379" timestamp="2026-09-08T17:25:13.136305-03:00" hostname="MINTDEVNOTE"><testcase classname="tests.test_account_session_mfa" name="test_login_registers_session_before_fail_closed_validation" time="1.915" /><testcase classname="tests.test_account_session_mfa" name="test_registered_session_has_minimized_device_data_and_enforced_expiry" time="0.123" /><testcase classname="tests.test_account_session_mfa" name="test_unknown_session_is_rejected_when_fail_closed_is_enabled" time="0.091" /><testcase classname="tests.test_account_session_mfa" name="test_user_can_revoke_one_or_all_other_sessions" time="0.151" /><testcase classname="tests.test_account_session_mfa" name="test_session_revocation_audit_uses_active_clinic" time="0.146" /><testcase classname="tests.test_account_session_mfa" name="test_totp_enrollment_requires_confirmation_and_recovery_codes_are_single_use" time="0.052" /><testcase classname="tests.test_account_session_mfa" name="test_totp_key_uri_encodes_label_components_and_rfc6238_parameters" time="0.004" /><testcase classname="tests.test_account_session_mfa" name="test_mfa_enroll_get_renders_local_qr_and_manual_key_without_cache" time="0.109" /><testcase classname="tests.test_account_session_mfa" name="test_mfa_enroll_post_confirms_factor_once_and_keeps_local_continue_url" time="0.136" /><testcase classname="tests.test_account_session_mfa" name="test_enrollment_confirmation_consumes_the_totp_step" time="0.047" /><testcase classname="tests.test_account_session_mfa" name="test_confirmed_enrollment_cannot_issue_another_recovery_set" time="0.047" /><testcase classname="tests.test_account_session_mfa" name="test_enrollment_exception_report_redacts_provisioning_material" time="0.062" /><testcase classname="tests.test_account_session_mfa" name="test_full_enrollment_exception_report_redacts_every_provisioning_frame" time="0.050" /><testcase classname="tests.test_account_session_mfa" name="test_key_uri_exception_report_redacts_totp_secret" time="0.011" /><testcase classname="tests.test_account_session_mfa" name="test_confirmation_exception_report_redacts_submitted_and_recovery_codes" time="0.050" /><testcase classname="tests.test_account_session_mfa" name="test_recovery_page_exception_redacts_codes_from_view_and_post" time="0.261" /><testcase classname="tests.test_account_session_mfa" name="test_mfa_verify_exception_report_redacts_submitted_code" time="0.063" /><testcase classname="tests.test_account_session_mfa" name="test_mfa_enroll_invalid_code_preserves_pending_secret" time="0.216" /><testcase classname="tests.test_account_session_mfa" name="test_confirmed_mfa_challenge_hides_provisioning_material_and_disables_cache" time="0.087" /><testcase classname="tests.test_account_session_mfa" name="test_pending_mfa_enrollment_can_be_restarted_without_confirming_factor" time="0.223" /><testcase classname="tests.test_account_session_mfa" name="test_mfa_enrollment_rate_limit_response_is_not_cacheable" time="0.223" /><testcase classname="tests.test_account_session_mfa" name="test_privileged_session_cannot_open_workspace_until_mfa_is_verified" time="0.189" /><testcase classname="tests.test_account_session_mfa" name="test_user_cannot_revoke_another_identity_session" time="0.033" /><testcase classname="tests.test_account_session_mfa" name="test_administrative_mfa_reset_is_scoped_audited_and_ends_target_sessions" time="0.100" /><testcase classname="tests.test_account_session_mfa" name="test_administrative_mfa_reset_denies_target_from_another_clinic" time="0.041" /><testcase classname="tests.test_account_session_mfa" name="test_revoking_all_other_sessions_requires_current_password" time="0.169" /><testcase classname="tests.test_account_session_mfa" name="test_framework_staff_access_requires_mfa_without_clinic_role" time="0.094" /><testcase classname="tests.test_account_session_mfa" name="test_totp_confirmation_and_verification_are_rate_limited" time="0.087" /><testcase classname="tests.test_account_session_mfa" name="test_mfa_attempt_budget_is_reserved_before_code_validation" time="0.011" /><testcase classname="tests.test_account_session_mfa" name="test_django_admin_login_uses_account_entrypoint" time="0.040" /><testcase classname="tests.test_account_session_mfa" name="test_global_staff_can_authenticate_through_account_entrypoint" time="0.188" /><testcase classname="tests.test_account_session_mfa" name="test_administrative_mfa_reset_requires_verified_actor_mfa" time="0.286" /><testcase classname="tests.test_account_session_mfa" name="test_administrative_mfa_reset_http_flow_requires_current_password" time="0.273" /><testcase classname="tests.test_account_session_mfa" name="test_recovery_codes_response_is_not_cacheable" time="0.177" /><testcase classname="tests.test_account_session_mfa" name="test_active_therapist_must_enroll_mfa_before_workspace" time="0.111" /><testcase classname="tests.test_account_session_mfa" name="test_administrative_staff_must_enroll_mfa_before_workspace" time="0.115" /><testcase classname="tests.test_account_session_mfa" name="test_sensitive_reauthentication_is_rate_limited_per_identity" time="0.012" /><testcase classname="tests.test_account_session_mfa" name="test_session_reauthentication_rate_limit_returns_429" time="0.179" /><testcase classname="tests.test_account_session_mfa" name="test_admin_mfa_challenge_returns_to_original_admin_destination" time="0.135" /><testcase classname="tests.test_account_session_mfa" name="test_initial_admin_mfa_enrollment_preserves_admin_destination" time="0.249" /><testcase classname="tests.test_accounts_authentication" name="test_login_uses_canonical_email_rotates_session_and_selects_active_tenant" time="0.142" /><testcase classname="tests.test_accounts_authentication" name="test_login_uses_same_generic_error_for_unknown_wrong_or_tenantless_identity" time="0.090" /><testcase classname="tests.test_accounts_authentication" name="test_login_rate_limit_is_configurable_and_non_enumerating" time="0.047" /><testcase classname="tests.test_accounts_authentication" name="test_login_rate_limit_cannot_be_bypassed_by_rotating_network_origin" time="0.064" /><testcase classname="tests.test_accounts_authentication" name="test_login_service_exposes_only_generic_rejection" time="0.035" /><testcase classname="tests.test_accounts_authentication" name="test_logout_is_post_only_flushes_session_and_is_audited" time="0.161" /><testcase classname="tests.test_accounts_authentication" name="test_authentication_templates_are_accessible_and_pt_br" time="0.051" /><testcase classname="tests.test_accounts_authentication" name="test_clinic_admin_issues_invitation_over_http_and_delivers_pt_br_email" time="0.168" /><testcase classname="tests.test_accounts_authentication" name="test_new_recipient_accepts_http_invitation_and_creates_membership" time="0.193" /><testcase classname="tests.test_accounts_authentication" name="test_existing_recipient_must_log_in_to_accept_http_invitation" time="0.294" /><testcase classname="tests.test_accounts_authentication" name="test_clinic_admin_revokes_invitation_over_post_only_http" time="0.231" /><testcase classname="tests.test_accounts_authentication" name="test_password_recovery_response_is_generic_for_known_and_unknown_email" time="0.070" /><testcase classname="tests.test_accounts_authentication" name="test_password_recovery_rate_limit_is_configurable" time="0.058" /><testcase classname="tests.test_accounts_authentication" name="test_password_recovery_rate_limit_cannot_be_bypassed_by_rotating_origin" time="0.058" /><testcase classname="tests.test_accounts_authentication" name="test_password_reset_is_single_use_and_invalidates_all_existing_sessions" time="0.243" /><testcase classname="tests.test_accounts_authentication" name="test_password_reset_service_rejects_expired_token" time="0.019" /><testcase classname="tests.test_accounts_authentication" name="test_password_reset_locks_identity_before_validating_token" time="0.035" /><testcase classname="tests.test_accounts_identity" name="test_user_authenticates_by_canonical_email_without_global_role" time="0.007" /><testcase classname="tests.test_accounts_identity" name="test_user_email_is_unique_case_insensitively" time="0.009" /><testcase classname="tests.test_accounts_identity" name="test_user_requires_email" time="0.006" /><testcase classname="tests.test_accounts_identity" name="test_clinic_admin_issues_and_recipient_accepts_single_use_invitation" time="0.087" /><testcase classname="tests.test_accounts_identity" name="test_invitation_requires_active_admin_in_same_clinic" time="0.023" /><testcase classname="tests.test_accounts_identity" name="test_invitation_can_be_revoked_once_and_never_stores_raw_token" time="0.103" /><testcase classname="tests.test_accounts_identity" name="test_invitation_acceptance_validates_password_before_consuming_token" time="0.059" /><testcase classname="tests.test_accounts_identity" name="test_invitation_duplicate_race_uses_generic_error_and_keeps_token_unused" time="0.047" /><testcase classname="tests.test_accounts_identity" name="test_existing_identity_accepts_second_clinic_only_as_itself" time="0.091" /><testcase classname="tests.test_accounts_identity" name="test_existing_identity_invitation_rejects_different_authenticated_actor" time="0.044" /><testcase classname="tests.test_accounts_identity" name="test_existing_membership_is_not_duplicated_when_invitation_is_accepted" time="0.069" /><testcase classname="tests.test_accounts_identity" name="test_invitation_reactivates_historical_membership_with_invited_role" time="0.075" /><testcase classname="tests.test_ai_assistant_drafting" name="test_generate_clinical_draft_creates_transient_session" time="0.057" /><testcase classname="tests.test_ai_assistant_drafting" name="test_generate_draft_fails_when_tenant_ai_disabled" time="0.026" /><testcase classname="tests.test_ai_assistant_drafting" name="test_generate_draft_fails_when_kill_switch_active" time="0.022" /><testcase classname="tests.test_ai_assistant_drafting" name="test_generate_draft_exceeding_max_input_length_rejected" time="0.023" /><testcase classname="tests.test_ai_assistant_drafting" name="test_review_and_reject_draft" time="0.058" /><testcase classname="tests.test_ai_assistant_drafting" name="test_review_and_accept_draft_requires_nominal_confirmation" time="0.068" /><testcase classname="tests.test_ai_assistant_drafting" name="test_review_with_professional_edits" time="0.060" /><testcase classname="tests.test_ai_assistant_governance" name="test_model_inventory_lifecycle" time="0.019" /><testcase classname="tests.test_ai_assistant_governance" name="test_benchmark_evaluation_run_passes_when_thresholds_met" time="0.024" /><testcase classname="tests.test_ai_assistant_governance" name="test_benchmark_evaluation_run_fails_when_scores_below_threshold" time="0.018" /><testcase classname="tests.test_ai_assistant_guardrails" name="test_guardrail_violation_persisted_with_hash_and_no_raw_text" time="0.047" /><testcase classname="tests.test_ai_assistant_guardrails" name="test_toggle_emergency_kill_switch" time="0.079" /><testcase classname="tests.test_analytics" name="test_patient_dashboard_known_dataset" time="0.399" /><testcase classname="tests.test_analytics" name="test_patient_dashboard_empty_period" time="0.198" /><testcase classname="tests.test_analytics" name="test_patient_dashboard_requires_patient_role" time="0.158" /><testcase classname="tests.test_analytics" name="test_therapist_dashboard_excludes_non_shareable_checkins" time="0.319" /><testcase classname="tests.test_analytics" name="test_therapist_dashboard_requires_therapist_role" time="0.182" /><testcase classname="tests.test_analytics" name="test_therapist_dashboard_cross_clinic_denied" time="0.349" /><testcase classname="tests.test_analytics" name="test_therapist_dashboard_excludes_ended_link" time="0.283" /><testcase classname="tests.test_analytics" name="test_clinic_panel_known_dataset" time="0.482" /><testcase classname="tests.test_analytics" name="test_clinic_panel_requires_admin" time="0.523" /><testcase classname="tests.test_analytics" name="test_clinic_panel_anonymization_threshold" time="0.252" /><testcase classname="tests.test_analytics" name="test_individual_report_generate_and_download" time="0.313" /><testcase classname="tests.test_analytics" name="test_report_download_expired" time="0.245" /><testcase classname="tests.test_analytics" name="test_report_download_wrong_actor_denied" time="0.209" /><testcase classname="tests.test_analytics" name="test_operational_report_requires_admin" time="0.187" /><testcase classname="tests.test_analytics" name="test_operational_report_contains_no_free_text" time="0.331" /><testcase classname="tests.test_analytics" name="test_patient_dashboard_http" time="0.367" /><testcase classname="tests.test_analytics" name="test_report_list_and_download_http" time="0.420" /><testcase classname="tests.test_audit_trail" name="test_audit_taxonomy_covers_sensitive_operations" time="0.007" /><testcase classname="tests.test_audit_trail" name="test_namespaced_domain_action_is_preserved_in_audit_chain" time="0.052" /><testcase classname="tests.test_audit_trail" name="test_recorded_event_is_minimized_tenant_scoped_and_chain_verified" time="0.058" /><testcase classname="tests.test_audit_trail" name="test_blank_justification_preserves_legacy_audit_hash_schema" time="0.021" /><testcase classname="tests.test_audit_trail" name="test_chain_verification_detects_out_of_band_tampering" time="0.065" /><testcase classname="tests.test_audit_trail" name="test_common_model_interfaces_cannot_update_or_delete_audit_events" time="0.028" /><testcase classname="tests.test_audit_trail" name="test_query_is_authorized_filtered_tenant_scoped_and_self_audited" time="0.140" /><testcase classname="tests.test_audit_trail" name="test_inactive_actor_or_clinic_cannot_query_audit" time="0.082" /><testcase classname="tests.test_audit_trail" name="test_controlled_export_is_minimized_and_audited" time="0.074" /><testcase classname="tests.test_auth_duralux_acceptance" name="test_public_auth_forms_use_the_minimal_shell_and_preserve_django_inputs" time="0.049" /><testcase classname="tests.test_auth_duralux_acceptance" name="test_invalid_login_keeps_field_errors_associated_with_the_original_input" time="0.063" /><testcase classname="tests.test_auth_duralux_acceptance" name="test_recovery_confirmation_keeps_the_generic_status_message" time="0.073" /><testcase classname="tests.test_auth_duralux_acceptance" name="test_mfa_enrollment_renders_qr_manual_secret_restart_and_code_input" time="0.145" /><testcase classname="tests.test_auth_duralux_acceptance" name="test_mfa_invalid_code_retains_sensitive_state_and_accessible_error" time="0.289" /><testcase classname="tests.test_auth_duralux_acceptance" name="test_recovery_codes_are_rendered_once_with_the_safe_continue_destination" time="0.177" /><testcase classname="tests.test_auth_duralux_acceptance" name="test_confirmed_mfa_challenge_preserves_code_input_without_provisioning_data" time="0.230" /><testcase classname="tests.test_auth_duralux_acceptance" name="test_session_management_renders_device_status_and_revocation_payload" time="0.218" /><testcase classname="tests.test_auth_duralux_acceptance" name="test_session_reauthentication_error_is_linked_and_focusable" time="0.181" /><testcase classname="tests.test_availability" name="test_create_availability_pattern_requires_admin" time="0.051" /><testcase classname="tests.test_availability" name="test_create_availability_pattern_rejects_inactive_therapist" time="0.070" /><testcase classname="tests.test_availability" name="test_create_availability_pattern_audits" time="0.233" /><testcase classname="tests.test_availability" name="test_deactivate_availability_pattern" time="0.248" /><testcase classname="tests.test_availability" name="test_create_availability_override" time="0.301" /><testcase classname="tests.test_availability" name="test_create_availability_block" time="0.091" /><testcase classname="tests.test_availability" name="test_availability_cross_clinic_denied" time="0.118" /><testcase classname="tests.test_billing" name="test_create_ad_hoc_charge_is_idempotent" time="0.156" /><testcase classname="tests.test_billing" name="test_create_ad_hoc_charge_rejects_negative" time="0.126" /><testcase classname="tests.test_billing" name="test_mark_overdue_charges_flips_open_past_due" time="0.458" /><testcase classname="tests.test_billing" name="test_request_refund_requires_justification" time="0.167" /><testcase classname="tests.test_billing" name="test_request_refund_rejects_amount_above_charge" time="0.091" /><testcase classname="tests.test_billing" name="test_refund_lifecycle_approve_and_reject" time="0.162" /><testcase classname="tests.test_billing" name="test_refund_rejection_path" time="0.176" /><testcase classname="tests.test_billing" name="test_refund_idempotent" time="0.209" /><testcase classname="tests.test_billing" name="test_refund_cross_clinic_denied" time="0.198" /><testcase classname="tests.test_billing" name="test_exception_queue_enqueue_and_resolve" time="0.061" /><testcase classname="tests.test_billing" name="test_exception_resolution_audits" time="0.054" /><testcase classname="tests.test_checkin" name="test_default_questionnaire_has_standard_questions" time="0.237" /><testcase classname="tests.test_checkin" name="test_patient_cannot_configure_questionnaire" time="0.267" /><testcase classname="tests.test_checkin" name="test_new_questionnaire_version_deactivates_previous" time="0.181" /><testcase classname="tests.test_checkin" name="test_configure_questionnaire_rejects_duplicate_keys" time="0.161" /><testcase classname="tests.test_checkin" name="test_patient_submits_daily_checkin_idempotently" time="0.196" /><testcase classname="tests.test_checkin" name="test_checkin_rejects_invalid_scale_values" time="0.167" /><testcase classname="tests.test_checkin" name="test_checkin_update_within_window_preserves_previous_version" time="0.250" /><testcase classname="tests.test_checkin" name="test_draft_checkin_resumes_safely" time="0.201" /><testcase classname="tests.test_checkin" name="test_checkin_denied_without_active_questionnaire_and_cross_clinic" time="0.240" /><testcase classname="tests.test_checkin" name="test_checkin_http_flow_submit_and_history" time="0.381" /><testcase classname="tests.test_checkin" name="test_checkin_http_unavailable_without_questionnaire" time="0.182" /><testcase classname="tests.test_checkin" name="test_checkin_requires_authentication" time="0.023" /><testcase classname="tests.test_checkin" name="test_checkin_submission_is_audited" time="0.178" /><testcase classname="tests.test_clinic_admin" name="test_membership_admin_form_uses_infrastructure_clinic_queryset" time="0.009" /><testcase classname="tests.test_clinic_authorization" name="test_policy_accepts_actor_clinic_action_and_denies_unknown_actions" time="0.027" /><testcase classname="tests.test_clinic_authorization" name="test_regular_member_cannot_enumerate_or_update_memberships" time="0.030" /><testcase classname="tests.test_clinic_authorization" name="test_inactive_membership_is_denied_by_policy" time="0.024" /><testcase classname="tests.test_clinic_authorization" name="test_inactive_actor_is_denied_by_policy" time="0.014" /><testcase classname="tests.test_clinic_authorization" name="test_policy_rechecks_stale_actor_active_state_from_database" time="0.013" /><testcase classname="tests.test_clinic_authorization" name="test_policy_denies_deleted_stale_actor_without_target_change" time="0.397" /><testcase classname="tests.test_clinic_authorization" name="test_policy_rechecks_stale_clinic_active_state_from_database" time="0.013" /><testcase classname="tests.test_clinic_authorization" name="test_cross_tenant_membership_enumeration_returns_only_request_clinic" time="0.031" /><testcase classname="tests.test_clinic_authorization" name="test_unauthorized_actor_cannot_enumerate_memberships" time="0.020" /><testcase classname="tests.test_clinic_authorization" name="test_authorized_same_tenant_membership_update_succeeds" time="0.027" /><testcase classname="tests.test_clinic_authorization" name="test_membership_role_update_advances_updated_at" time="0.031" /><testcase classname="tests.test_clinic_authorization" name="test_cross_tenant_membership_update_is_denied_and_unchanged" time="0.022" /><testcase classname="tests.test_clinic_authorization" name="test_stale_deactivated_actor_cannot_update_membership" time="0.021" /><testcase classname="tests.test_clinic_authorization" name="test_stale_deleted_actor_cannot_update_membership_or_change_target" time="0.233" /><testcase classname="tests.test_clinic_authorization" name="test_regular_member_update_is_denied_and_unchanged" time="0.023" /><testcase classname="tests.test_clinic_authorization" name="test_regular_member_cannot_elevate_own_role" time="0.017" /><testcase classname="tests.test_clinic_models" name="test_core_models_use_uuid_primary_keys" time="0.008" /><testcase classname="tests.test_clinic_models" name="test_clinic_has_stable_unique_slug_status_and_timestamps" time="0.006" /><testcase classname="tests.test_clinic_models" name="test_clinic_slug_cannot_change_after_creation" time="0.008" /><testcase classname="tests.test_clinic_models" name="test_membership_connects_user_with_role_status_validity_and_timestamps" time="0.010" /><testcase classname="tests.test_clinic_models" name="test_membership_rejects_duplicate_user_clinic_pair" time="0.010" /><testcase classname="tests.test_clinic_models" name="test_membership_rejects_validity_end_before_start" time="0.008" /><testcase classname="tests.test_clinic_models" name="test_default_clinic_manager_requires_explicit_resolution_scope" time="0.009" /><testcase classname="tests.test_clinic_models" name="test_default_membership_manager_requires_explicit_clinic_scope" time="0.010" /><testcase classname="tests.test_clinic_models" name="test_scoped_membership_queryset_cannot_read_or_update_other_clinic" time="0.022" /><testcase classname="tests.test_clinic_models" name="test_manager_metadata_makes_safe_and_infrastructure_paths_explicit" time="0.007" /><testcase classname="tests.test_clinic_models" name="test_reverse_membership_relations_do_not_expose_unscoped_querysets" time="0.013" /><testcase classname="tests.test_clinic_models" name="test_user_reverse_manager_for_clinic_preserves_user_relation_scope" time="0.019" /><testcase classname="tests.test_clinic_models" name="test_clinic_reverse_manager_for_clinic_preserves_clinic_relation_scope" time="0.013" /><testcase classname="tests.test_clinic_role_matrix" name="test_initial_business_roles_include_administrative_staff" time="0.006" /><testcase classname="tests.test_clinic_role_matrix" name="test_role_action_matrix_applies_least_privilege[clinic_admin]" time="0.046" /><testcase classname="tests.test_clinic_role_matrix" name="test_role_action_matrix_applies_least_privilege[therapist]" time="0.035" /><testcase classname="tests.test_clinic_role_matrix" name="test_role_action_matrix_applies_least_privilege[administrative_staff]" time="0.046" /><testcase classname="tests.test_clinic_role_matrix" name="test_patient_membership_has_no_staff_or_clinical_permissions" time="0.042" /><testcase classname="tests.test_clinic_setup" name="test_clinic_admin_records_tenant_scoped_institutional_identity" time="0.050" /><testcase classname="tests.test_clinic_setup" name="test_clinic_admin_records_operational_context_and_hours" time="0.082" /><testcase classname="tests.test_clinic_setup" name="test_clinic_admin_uploads_safe_logo_and_contrasting_brand_colors" time="0.093" /><testcase classname="tests.test_clinic_setup" name="test_clinic_admin_enables_modules_with_prerequisites_and_authorship" time="0.077" /><testcase classname="tests.test_clinic_setup" name="test_clinic_setup_is_primary_navigation_action_for_admin" time="0.139" /><testcase classname="tests.test_clinic_setup" name="test_clinic_setup_form_enables_shared_duplicate_submission_guard" time="0.230" /><testcase classname="tests.test_clinic_setup" name="test_clinic_setup_rejects_skipping_incomplete_stages" time="0.148" /><testcase classname="tests.test_clinic_setup" name="test_clinic_setup_blocks_module_post_before_operations" time="0.139" /><testcase classname="tests.test_clinic_setup" name="test_identity_stage_posts_to_active_tenant_and_advances" time="0.151" /><testcase classname="tests.test_clinic_setup" name="test_operations_stage_posts_hours_and_advances" time="0.140" /><testcase classname="tests.test_clinic_setup" name="test_branding_stage_uploads_logo_and_advances" time="0.214" /><testcase classname="tests.test_clinic_setup" name="test_modules_stage_enforces_prerequisites_and_advances" time="0.250" /><testcase classname="tests.test_clinic_setup" name="test_setup_validation_has_accessible_error_summary" time="0.119" /><testcase classname="tests.test_clinic_setup" name="test_branding_rejects_logo_when_malware_scan_does_not_clear" time="0.045" /><testcase classname="tests.test_clinic_setup" name="test_non_admin_roles_cannot_open_clinic_setup[therapist]" time="0.098" /><testcase classname="tests.test_clinic_setup" name="test_non_admin_roles_cannot_open_clinic_setup[administrative_staff]" time="0.136" /><testcase classname="tests.test_clinic_setup" name="test_non_admin_roles_cannot_open_clinic_setup[patient]" time="0.117" /><testcase classname="tests.test_clinic_setup" name="test_saved_branding_is_applied_to_the_active_tenant_workspace" time="0.143" /><testcase classname="tests.test_clinic_setup" name="test_branding_preview_updates_from_unsaved_form_values" time="0.148" /><testcase classname="tests.test_communities_gamification" name="test_gamification_disabled_by_default" time="0.036" /><testcase classname="tests.test_communities_gamification" name="test_opt_in_and_log_self_care_milestone" time="0.047" /><testcase classname="tests.test_communities_gamification" name="test_daily_cap_and_supportive_message" time="0.045" /><testcase classname="tests.test_communities_gamification" name="test_pause_and_resume_normalizes_hiatus" time="0.071" /><testcase classname="tests.test_communities_gamification" name="test_immediate_history_purge" time="0.065" /><testcase classname="tests.test_communities_governance" name="test_rollout_flag_configuration" time="0.019" /><testcase classname="tests.test_communities_governance" name="test_emergency_moderation_kill_switch_blocks_posting" time="0.112" /><testcase classname="tests.test_communities_governance" name="test_aggregate_daily_metric_logging" time="0.021" /><testcase classname="tests.test_communities_groups" name="test_create_community_group_registers_creator_as_owner" time="0.049" /><testcase classname="tests.test_communities_groups" name="test_multi_tenant_isolation_hides_groups_between_clinics" time="0.069" /><testcase classname="tests.test_communities_groups" name="test_community_directory_filters_by_age_tier" time="0.093" /><testcase classname="tests.test_communities_groups" name="test_invitation_accept_flow_with_pseudonym" time="0.069" /><testcase classname="tests.test_communities_groups" name="test_invitation_decline_flow" time="0.066" /><testcase classname="tests.test_communities_groups" name="test_immediate_exit_from_group" time="0.058" /><testcase classname="tests.test_communities_groups" name="test_close_community_group_soft_delete" time="0.056" /><testcase classname="tests.test_communities_interactions" name="test_publish_post_neutralizes_xss_and_scripting" time="0.063" /><testcase classname="tests.test_communities_interactions" name="test_slow_mode_enforces_interval_between_posts" time="0.098" /><testcase classname="tests.test_communities_interactions" name="test_edit_and_delete_post" time="0.111" /><testcase classname="tests.test_communities_interactions" name="test_comment_and_empathetic_reactions" time="0.147" /><testcase classname="tests.test_communities_interactions" name="test_bilateral_social_blocking_filters_feed_for_both_users" time="0.166" /><testcase classname="tests.test_communities_interactions" name="test_safe_attachment_validation" time="0.077" /><testcase classname="tests.test_communities_moderation" name="test_report_content_creates_case_and_segregated_evidence_vault" time="0.153" /><testcase classname="tests.test_communities_moderation" name="test_priority_score_and_queue_sorting" time="0.236" /><testcase classname="tests.test_communities_moderation" name="test_human_decision_mandatory_enforces_sanction" time="0.155" /><testcase classname="tests.test_communities_moderation" name="test_double_review_workflow_for_critical_cases" time="0.198" /><testcase classname="tests.test_communities_moderation" name="test_appeal_and_restoration_workflow" time="0.219" /><testcase classname="tests.test_component_widget_contracts" name="test_component_catalog_posts_with_real_csrf_validation" time="0.436" /><testcase classname="tests.test_consent_access_lifecycle" name="test_revocation_is_prospective_append_only_and_audited" time="0.499" /><testcase classname="tests.test_consent_access_lifecycle" name="test_clinic_operations_requires_durable_explicit_acknowledgement" time="0.502" /><testcase classname="tests.test_consent_access_lifecycle" name="test_clinic_admin_consumes_revocation_work_queue_through_http" time="0.925" /><testcase classname="tests.test_consent_access_lifecycle" name="test_revocation_queue_distinguishes_same_purpose_without_exposing_subject_uuid" time="0.534" /><testcase classname="tests.test_consent_access_lifecycle" name="test_non_admin_cannot_view_or_acknowledge_revocation_work_http[patient]" time="0.606" /><testcase classname="tests.test_consent_access_lifecycle" name="test_non_admin_cannot_view_or_acknowledge_revocation_work_http[administrative_staff]" time="0.802" /><testcase classname="tests.test_consent_access_lifecycle" name="test_admin_cannot_acknowledge_revocation_work_from_another_tenant" time="0.509" /><testcase classname="tests.test_consent_access_lifecycle" name="test_revocation_work_http_fails_closed_without_explicit_active_tenant" time="0.101" /><testcase classname="tests.test_consent_access_lifecycle" name="test_database_rejects_work_item_acknowledged_without_complete_evidence" time="0.191" /><testcase classname="tests.test_consent_access_lifecycle" name="test_terminal_representation_states_reject_every_transition[revoked-suspended]" time="0.166" /><testcase classname="tests.test_consent_access_lifecycle" name="test_terminal_representation_states_reject_every_transition[revoked-expired]" time="0.139" /><testcase classname="tests.test_consent_access_lifecycle" name="test_terminal_representation_states_reject_every_transition[expired-suspended]" time="0.202" /><testcase classname="tests.test_consent_access_lifecycle" name="test_terminal_representation_states_reject_every_transition[expired-revoked]" time="0.245" /><testcase classname="tests.test_consent_access_lifecycle" name="test_mandatory_document_cannot_use_optional_revocation_flow" time="0.252" /><testcase classname="tests.test_consent_access_lifecycle" name="test_generic_decision_flow_rejects_revoked_for_mandatory_document" time="0.391" /><testcase classname="tests.test_consent_access_lifecycle" name="test_generic_refusal_cannot_bypass_revocation_propagation" time="0.409" /><testcase classname="tests.test_consent_access_lifecycle" name="test_revoked_document_version_cannot_be_reaccepted_while_dispatch_is_pending" time="0.482" /><testcase classname="tests.test_consent_access_lifecycle" name="test_verified_representation_grants_only_documented_powers" time="0.257" /><testcase classname="tests.test_consent_access_lifecycle" name="test_representation_never_infers_powers_outside_verified_scope" time="0.187" /><testcase classname="tests.test_consent_access_lifecycle" name="test_terminal_representation_cannot_return_to_verified[revoked]" time="0.173" /><testcase classname="tests.test_consent_access_lifecycle" name="test_terminal_representation_cannot_return_to_verified[expired]" time="0.166" /><testcase classname="tests.test_consent_access_lifecycle" name="test_suspended_representation_requires_new_record_and_current_memberships" time="0.153" /><testcase classname="tests.test_consent_access_lifecycle" name="test_represented_manifestation_denies_inactive_subject_for_all_audience" time="0.203" /><testcase classname="tests.test_consent_access_lifecycle" name="test_access_review_suspends_expired_access_and_reports_exceptions" time="0.324" /><testcase classname="tests.test_consent_access_lifecycle" name="test_access_review_expires_previously_suspended_representation" time="0.281" /><testcase classname="tests.test_consent_access_lifecycle" name="test_patient_revokes_optional_consent_through_confirmed_accessible_flow" time="0.605" /><testcase classname="tests.test_consent_access_lifecycle" name="test_dispatch_attempt_history_is_append_only_evidenced_and_audited" time="0.269" /><testcase classname="tests.test_consent_access_lifecycle" name="test_dispatch_rejects_empty_success_evidence_and_protects_obligation" time="0.279" /><testcase classname="tests.test_consent_access_lifecycle" name="test_pending_revocation_dispatches_have_an_operational_command" time="0.702" /><testcase classname="tests.test_consent_access_lifecycle" name="test_dispatch_command_fails_visibly_and_exposes_overdue_obligations" time="0.447" /><testcase classname="tests.test_consent_access_lifecycle" name="test_dispatch_command_retries_failed_obligations_by_default" time="0.787" /><testcase classname="tests.test_consent_access_lifecycle" name="test_dispatch_command_limit_does_not_hide_failed_obligations" time="1.172" /><testcase classname="tests.test_consent_access_lifecycle" name="test_revocation_creates_one_obligation_per_configured_destination" time="0.467" /><testcase classname="tests.test_consent_access_lifecycle" name="test_dispatch_processing_denies_cross_tenant_identifiers" time="0.393" /><testcase classname="tests.test_consent_access_lifecycle" name="test_representation_requires_active_memberships_for_both_parties[representative-membership_overrides0]" time="0.199" /><testcase classname="tests.test_consent_access_lifecycle" name="test_representation_requires_active_memberships_for_both_parties[represented_subject-membership_overrides1]" time="0.153" /><testcase classname="tests.test_consent_access_lifecycle" name="test_access_review_suspends_links_with_inconsistent_party_memberships" time="0.589" /><testcase classname="tests.test_consent_access_lifecycle" name="test_access_review_runs_and_exceptions_are_persisted_idempotently_and_resolved" time="0.569" /><testcase classname="tests.test_consent_access_lifecycle" name="test_resolved_access_review_exception_reopens_when_condition_recurs" time="0.678" /><testcase classname="tests.test_consent_access_lifecycle" name="test_access_review_has_an_authorized_operational_command" time="0.245" /><testcase classname="tests.test_consent_access_lifecycle" name="test_expired_consent_exception_is_not_duplicated_across_review_dates" time="0.650" /><testcase classname="tests.test_consent_access_lifecycle" name="test_legal_representation_is_immutable_except_for_audited_lifecycle_service" time="0.297" /><testcase classname="tests.test_content" name="test_start_content_creates_draft_with_version" time="0.116" /><testcase classname="tests.test_content" name="test_start_content_rejects_duplicate_slug" time="0.112" /><testcase classname="tests.test_content" name="test_start_content_requires_admin" time="0.047" /><testcase classname="tests.test_content" name="test_editorial_workflow_requires_approval_before_publish" time="0.071" /><testcase classname="tests.test_content" name="test_full_lifecycle_publishes" time="0.246" /><testcase classname="tests.test_content" name="test_new_version_resets_to_draft_and_preserves_history" time="0.293" /><testcase classname="tests.test_content" name="test_rollback_to_published_version" time="0.431" /><testcase classname="tests.test_content" name="test_rollback_rejects_unpublished_target" time="0.370" /><testcase classname="tests.test_content" name="test_archive_removes_from_index" time="0.382" /><testcase classname="tests.test_content" name="test_search_indexes_only_published_matching_language_and_audience" time="0.378" /><testcase classname="tests.test_content" name="test_search_excludes_expired_content" time="0.240" /><testcase classname="tests.test_content" name="test_sanitize_body_strips_active_markup" time="0.009" /><testcase classname="tests.test_content" name="test_sanitize_body_neutralizes_href_attribute_injection" time="0.016" /><testcase classname="tests.test_content" name="test_sanitize_body_neutralizes_single_quoted_href_injection" time="0.008" /><testcase classname="tests.test_content" name="test_attach_media_validates_type_and_size" time="0.115" /><testcase classname="tests.test_content" name="test_attach_media_accepts_video_and_audio" time="0.165" /><testcase classname="tests.test_content" name="test_content_audit_trail" time="0.208" /><testcase classname="tests.test_content_components" name="test_visual_reference_catalogs_all_component_variants" time="0.302" /><testcase classname="tests.test_content_components" name="test_workspace_integrates_components_without_clinical_demo_data[workspace_vertical]" time="0.260" /><testcase classname="tests.test_content_components" name="test_workspace_integrates_components_without_clinical_demo_data[workspace_detached]" time="0.353" /><testcase classname="tests.test_content_components" name="test_visual_reference_filter_preserves_the_active_order" time="0.305" /><testcase classname="tests.test_content_components" name="test_visual_reference_pagination_matches_the_rendered_table" time="0.221" /><testcase classname="tests.test_content_courses" name="test_curriculum_has_stable_ordering_and_coordinated_publication" time="0.286" /><testcase classname="tests.test_content_courses" name="test_individual_enrollment_enforces_all_access_rules" time="0.149" /><testcase classname="tests.test_content_courses" name="test_enrollment_rejects_course_outside_availability_window" time="0.033" /><testcase classname="tests.test_content_courses" name="test_cohort_enrollment_is_idempotent_for_all_members" time="0.114" /><testcase classname="tests.test_content_courses" name="test_quiz_grading_attempts_shuffle_and_feedback_stay_educational" time="0.271" /><testcase classname="tests.test_content_courses" name="test_certificate_requires_completion_and_audits_revocation" time="0.293" /><testcase classname="tests.test_content_courses_review_fixes" name="test_cohort_enrollment_rejects_cohort_above_capacity" time="0.062" /><testcase classname="tests.test_content_courses_review_fixes" name="test_cohort_enrollment_allows_cohort_within_capacity" time="0.114" /><testcase classname="tests.test_content_courses_review_fixes" name="test_quiz_questions_require_enrollment_and_published_quiz" time="0.084" /><testcase classname="tests.test_content_courses_review_fixes" name="test_quiz_attempt_requires_enrollment_and_is_idempotent_on_retry" time="0.140" /><testcase classname="tests.test_content_courses_review_fixes" name="test_enrollment_replay_same_key_returns_original_enrollment" time="0.064" /><testcase classname="tests.test_content_courses_review_fixes" name="test_enrollment_with_new_key_for_already_enrolled_user_is_rejected" time="0.063" /><testcase classname="tests.test_content_courses_review_fixes" name="test_learning_path_persists_prerequisites" time="0.083" /><testcase classname="tests.test_content_courses_review_fixes" name="test_enrollment_requires_completed_prerequisites" time="0.210" /><testcase classname="tests.test_content_courses_review_fixes" name="test_lesson_completion_requires_published_lesson" time="0.075" /><testcase classname="tests.test_content_courses_review_fixes" name="test_complete_lesson_returns_completion_record" time="0.141" /><testcase classname="tests.test_content_courses_review_fixes" name="test_cohort_enrollment_documents_admin_vouching_for_plan_gates" time="0.069" /><testcase classname="tests.test_content_courses_review_fixes" name="test_cohort_enrollment_replay_requires_exact_member_set" time="0.227" /><testcase classname="tests.test_content_courses_review_fixes" name="test_learning_path_rejects_self_referential_prerequisite" time="0.059" /><testcase classname="tests.test_content_curation" name="test_clinical_recommendation_requires_current_specialist_approval" time="0.363" /><testcase classname="tests.test_content_curation" name="test_clinical_recommendation_rejects_unpublished_content" time="0.108" /><testcase classname="tests.test_content_curation" name="test_revoked_or_expired_parcere_blocks_new_recommendations_and_audits" time="0.273" /><testcase classname="tests.test_content_curation" name="test_recommendation_requires_tenant_local_content_and_audits_creation" time="0.489" /><testcase classname="tests.test_content_curation" name="test_patient_sees_recommendation_with_named_responsible_professional" time="0.463" /><testcase classname="tests.test_content_curation" name="test_revoking_credential_blocks_new_recommendations" time="0.333" /><testcase classname="tests.test_content_curation" name="test_revocation_cascades_retirement_of_active_recommendations" time="0.557" /><testcase classname="tests.test_content_curation" name="test_publish_blocks_when_approver_credential_is_revoked" time="0.425" /><testcase classname="tests.test_content_curation_governance" name="test_report_content_creates_audited_open_report" time="0.056" /><testcase classname="tests.test_content_curation_governance" name="test_report_content_rejects_unpublished_and_foreign" time="0.091" /><testcase classname="tests.test_content_curation_governance" name="test_resolve_content_report_is_admin_only_and_audited" time="0.143" /><testcase classname="tests.test_content_curation_governance" name="test_archive_content_links_controlled_successor" time="0.089" /><testcase classname="tests.test_content_curation_governance" name="test_archive_content_rejects_foreign_or_unpublished_successor" time="0.137" /><testcase classname="tests.test_content_curation_governance" name="test_review_due_selector_flags_expired_reviews" time="0.034" /><testcase classname="tests.test_content_curation_governance" name="test_report_http_surface_lists_and_resolves" time="0.384" /><testcase classname="tests.test_content_curation_review_fixes" name="test_approval_requires_verified_professional_credential" time="0.185" /><testcase classname="tests.test_content_curation_review_fixes" name="test_recommendation_requires_verified_credential" time="0.109" /><testcase classname="tests.test_content_curation_review_fixes" name="test_recommendation_with_verified_credential_persists_snapshot" time="0.163" /><testcase classname="tests.test_content_curation_review_fixes" name="test_recommendations_for_patient_excludes_expired_and_archived" time="0.189" /><testcase classname="tests.test_content_curation_review_fixes" name="test_archive_content_retires_recommendations_and_notifies" time="0.147" /><testcase classname="tests.test_content_curation_review_fixes" name="test_retirement_notifies_affected_patient" time="0.095" /><testcase classname="tests.test_content_curation_review_fixes" name="test_patient_listing_shows_professional_name_not_email" time="0.069" /><testcase classname="tests.test_content_curation_review_fixes" name="test_recommendation_targets_patient_role_membership_only" time="0.042" /><testcase classname="tests.test_content_curation_review_fixes" name="test_recommendation_requires_target_and_positive_validity" time="0.044" /><testcase classname="tests.test_content_curation_review_fixes" name="test_recommendation_rejects_expired_content" time="0.042" /><testcase classname="tests.test_content_http" name="test_library_lists_published_content" time="0.305" /><testcase classname="tests.test_content_http" name="test_detail_renders_published_body" time="0.352" /><testcase classname="tests.test_content_http" name="test_detail_404_for_unpublished_content" time="0.157" /><testcase classname="tests.test_content_http" name="test_library_is_tenant_scoped" time="0.369" /><testcase classname="tests.test_content_http" name="test_recommendation_list_scoped_to_recipient" time="0.337" /><testcase classname="tests.test_content_http" name="test_publish_action_denied_for_non_admin" time="0.380" /><testcase classname="tests.test_content_http" name="test_editorial_http_surface_supports_complete_versioned_workflow" time="1.517" /><testcase classname="tests.test_content_http" name="test_editorial_direct_ids_are_non_enumerating_and_tenant_scoped" time="0.287" /><testcase classname="tests.test_content_http" name="test_editorial_surface_requires_clinic_admin_role" time="0.309" /><testcase classname="tests.test_content_http" name="test_editorial_create_with_metadata_persists_all_three_fields" time="0.121" /><testcase classname="tests.test_content_http" name="test_editorial_metadata_update_changes_fields_for_admin" time="0.150" /><testcase classname="tests.test_content_http" name="test_editorial_metadata_update_denied_for_non_admin" time="0.203" /><testcase classname="tests.test_content_http" name="test_editorial_metadata_update_404_for_foreign_content" time="0.190" /><testcase classname="tests.test_content_http" name="test_editorial_taxonomy_rejects_terms_beyond_model_limit" time="0.138" /><testcase classname="tests.test_content_http" name="test_editorial_version_schedules_using_clinic_timezone" time="0.279" /><testcase classname="tests.test_content_http" name="test_editorial_version_schedules_across_dst_boundary" time="0.336" /><testcase classname="tests.test_content_http" name="test_editorial_block_editor_preserves_order_and_semantics" time="0.361" /><testcase classname="tests.test_content_http" name="test_editorial_stored_href_injection_is_neutralized_end_to_end" time="0.623" /><testcase classname="tests.test_content_learning_authoring" name="test_create_lesson_inserts_at_position_and_shifts_within_module_only" time="0.377" /><testcase classname="tests.test_content_learning_authoring" name="test_create_lesson_rejects_bad_position_duration_and_blank_title" time="0.147" /><testcase classname="tests.test_content_learning_authoring" name="test_create_lesson_denies_non_admin_foreign_module_and_published_course" time="0.195" /><testcase classname="tests.test_content_learning_authoring" name="test_create_lesson_material_orders_and_validates_url" time="0.140" /><testcase classname="tests.test_content_learning_authoring" name="test_curriculum_authoring_rejects_changes_below_published_course" time="0.180" /><testcase classname="tests.test_content_learning_authoring" name="test_lesson_and_material_creation_are_audited" time="0.111" /><testcase classname="tests.test_content_learning_authoring" name="test_add_course_prerequisite_persists_edge_and_rejects_cycles" time="0.138" /><testcase classname="tests.test_content_learning_authoring" name="test_add_course_prerequisite_denies_foreign_course_and_non_admin" time="0.091" /><testcase classname="tests.test_content_learning_authoring" name="test_add_course_prerequisite_rejects_published_course" time="0.175" /><testcase classname="tests.test_content_learning_authoring" name="test_create_cohort_requires_admin_and_normalizes_name" time="0.073" /><testcase classname="tests.test_content_learning_authoring" name="test_add_cohort_member_replays_and_requires_active_membership" time="0.310" /><testcase classname="tests.test_content_learning_authoring" name="test_create_quiz_validates_grade_attempts_and_tenant_slug" time="0.239" /><testcase classname="tests.test_content_learning_authoring" name="test_create_quiz_question_orders_and_requires_correct_key_in_options" time="0.156" /><testcase classname="tests.test_content_learning_authoring" name="test_publish_quiz_requires_question_and_freezes_authoring" time="0.139" /><testcase classname="tests.test_content_learning_authoring_http" name="test_course_builder_detail_renders_modules_in_stable_order" time="0.179" /><testcase classname="tests.test_content_learning_authoring_http" name="test_course_module_create_http_posts_and_redirects" time="0.248" /><testcase classname="tests.test_content_learning_authoring_http" name="test_course_module_create_http_denies_non_admin" time="0.192" /><testcase classname="tests.test_content_learning_authoring_http" name="test_course_module_create_http_foreign_course_is_404" time="0.227" /><testcase classname="tests.test_content_learning_authoring_http" name="test_course_module_create_http_requires_authentication" time="0.059" /><testcase classname="tests.test_content_learning_authoring_http" name="test_course_lesson_create_http_posts_and_redirects" time="0.151" /><testcase classname="tests.test_content_learning_authoring_http" name="test_course_lesson_create_http_denies_non_admin" time="0.218" /><testcase classname="tests.test_content_learning_authoring_http" name="test_course_prerequisite_add_http_persists_edge" time="0.319" /><testcase classname="tests.test_content_learning_authoring_http" name="test_course_prerequisite_add_http_rejects_cycle_with_message" time="0.246" /><testcase classname="tests.test_content_learning_authoring_http" name="test_course_publish_http_requires_valid_curriculum" time="0.526" /><testcase classname="tests.test_content_learning_authoring_http" name="test_course_publish_http_denies_non_admin" time="0.185" /><testcase classname="tests.test_content_learning_authoring_http" name="test_cohort_http_creates_cohort_and_adds_active_member" time="0.196" /><testcase classname="tests.test_content_learning_authoring_http" name="test_cohort_http_denies_non_admin_and_foreign_cohort" time="0.214" /><testcase classname="tests.test_content_learning_authoring_http" name="test_learning_authoring_dashboard_lists_only_active_tenant_resources" time="0.174" /><testcase classname="tests.test_content_learning_authoring_http_round5" name="test_course_create_http_creates_tenant_draft_course" time="0.144" /><testcase classname="tests.test_content_learning_authoring_http_round5" name="test_course_create_http_rejects_foreign_instructor_with_message" time="0.187" /><testcase classname="tests.test_content_learning_authoring_http_round5" name="test_course_create_http_denies_non_admin" time="0.129" /><testcase classname="tests.test_content_learning_authoring_http_round5" name="test_enrollment_http_enrolls_active_member_in_published_course" time="0.153" /><testcase classname="tests.test_content_learning_authoring_http_round5" name="test_enrollment_http_replays_idempotently_and_rejects_foreign_course" time="0.249" /><testcase classname="tests.test_content_learning_authoring_http_round5" name="test_enrollment_http_denies_non_member_and_draft_course" time="0.184" /><testcase classname="tests.test_content_learning_participant_http_round5" name="test_quiz_attempt_persists_reproducible_question_and_option_order" time="0.154" /><testcase classname="tests.test_content_learning_participant_http_round5" name="test_ending_enrollment_updates_active_selector_capacity_and_access" time="0.121" /><testcase classname="tests.test_content_learning_participant_http_round5" name="test_participant_quiz_http_is_tenant_safe_idempotent_and_accessible" time="0.543" /><testcase classname="tests.test_content_learning_participant_http_round5" name="test_participant_certificate_http_requires_completion_and_verifies_publicly" time="0.585" /><testcase classname="tests.test_content_regressions" name="test_start_content_persists_the_declared_validity_date" time="0.063" /><testcase classname="tests.test_content_regressions" name="test_content_media_rejects_spoofed_declared_mime_type" time="0.092" /><testcase classname="tests.test_content_regressions" name="test_scheduled_content_cannot_publish_before_its_server_time" time="0.325" /><testcase classname="tests.test_content_regressions" name="test_content_sanitization_rejects_encoded_active_markup[&lt;a href=&quot;java&amp;#x73;cript:alert(1)&quot;&gt;link&lt;/a&gt;]" time="0.006" /><testcase classname="tests.test_content_regressions" name="test_content_sanitization_rejects_encoded_active_markup[&lt;object data=&quot;data:text/html;base64,PHNjcmlwdD4=&quot;&gt;&lt;/object&gt;]" time="0.013" /><testcase classname="tests.test_content_regressions" name="test_content_sanitization_rejects_encoded_active_markup[&lt;svg&gt;&lt;a xlink:href=&quot;javascript&amp;colon;alert(1)&quot;&gt;link&lt;/a&gt;&lt;/svg&gt;]" time="0.012" /><testcase classname="tests.test_content_regressions" name="test_content_media_runs_fail_closed_malware_scan" time="0.068" /><testcase classname="tests.test_content_regressions" name="test_production_exports_the_private_content_media_root" time="0.004" /><testcase classname="tests.test_content_taxonomy_cache_fixes" name="test_publish_invalidates_published_content_cache" time="0.394" /><testcase classname="tests.test_content_taxonomy_cache_fixes" name="test_archive_invalidates_published_content_cache" time="0.410" /><testcase classname="tests.test_content_taxonomy_cache_fixes" name="test_rollback_invalidates_published_content_cache" time="0.428" /><testcase classname="tests.test_content_taxonomy_cache_fixes" name="test_taxonomy_records_are_managed_per_tenant" time="0.170" /><testcase classname="tests.test_content_taxonomy_cache_fixes" name="test_search_filters_by_taxonomy" time="0.387" /><testcase classname="tests.test_content_tenant_invariant" name="test_cross_tenant_content_version_is_rejected_by_database" time="0.017" /><testcase classname="tests.test_content_tenant_invariant" name="test_cross_tenant_content_media_is_rejected_by_database" time="0.017" /><testcase classname="tests.test_content_tenant_invariant" name="test_tenant_move_of_content_row_is_rejected_by_database" time="0.019" /><testcase classname="tests.test_content_tenant_invariant" name="test_same_tenant_writes_continue_to_work" time="0.014" /><testcase classname="tests.test_data_subject_rights" name="test_privacy_domain_is_in_static_analysis_and_coverage_gates" time="0.005" /><testcase classname="tests.test_data_subject_rights" name="test_request_rejects_subject_without_clinic_relationship" time="0.028" /><testcase classname="tests.test_data_subject_rights" name="test_request_records_scope_deadline_and_audit_event" time="0.045" /><testcase classname="tests.test_data_subject_rights" name="test_confirmation_request_and_identity_evidence_are_traceable" time="0.066" /><testcase classname="tests.test_data_subject_rights" name="test_request_queries_are_tenant_scoped_and_cross_tenant_access_is_denied" time="0.057" /><testcase classname="tests.test_data_subject_rights" name="test_export_requires_recent_reauthentication_and_is_encrypted" time="0.230" /><testcase classname="tests.test_data_subject_rights" name="test_export_revalidates_subject_relationship_before_providers_run" time="0.183" /><testcase classname="tests.test_data_subject_rights" name="test_learning_data_is_included_in_subject_export" time="0.294" /><testcase classname="tests.test_data_subject_rights" name="test_lifecycle_registry_is_immutable_and_execution_rejects_caller_handlers" time="0.006" /><testcase classname="tests.test_data_subject_rights" name="test_server_adapters_persist_identity_and_version_as_evidence" time="0.129" /><testcase classname="tests.test_data_subject_rights" name="test_lifecycle_propagates_to_every_destination_and_documents_retention" time="0.110" /><testcase classname="tests.test_data_subject_rights" name="test_failed_destination_keeps_request_open_for_reprocessing" time="0.099" /><testcase classname="tests.test_data_subject_rights" name="test_handler_exception_records_minimized_failure_for_safe_retry" time="0.129" /><testcase classname="tests.test_data_subject_rights" name="test_decision_snapshots_trusted_destinations_before_execution" time="0.210" /><testcase classname="tests.test_data_subject_rights" name="test_failed_destination_cannot_be_omitted_to_force_completion" time="0.209" /><testcase classname="tests.test_data_subject_rights" name="test_inactive_subject_cannot_access_request_by_uuid_match" time="0.043" /><testcase classname="tests.test_data_subject_rights" name="test_terminal_request_cannot_regress_to_identity_review" time="0.152" /><testcase classname="tests.test_data_subject_rights" name="test_duplicate_destination_configuration_is_rejected_before_approval" time="0.086" /><testcase classname="tests.test_data_subject_rights" name="test_lifecycle_rejects_access_requests" time="0.104" /><testcase classname="tests.test_data_subject_rights" name="test_empty_confirmation_reference_cannot_complete_request" time="0.157" /><testcase classname="tests.test_data_subject_rights" name="test_completion_digest_uses_unambiguous_canonical_evidence" time="0.005" /><testcase classname="tests.test_design_system" name="test_duralux_semantic_tokens_and_focus_meet_accessibility_contract" time="0.005" /><testcase classname="tests.test_design_system" name="test_duralux_uses_system_fonts_without_external_font_downloads" time="0.004" /><testcase classname="tests.test_design_system" name="test_only_allowlisted_application_assets_are_in_static_storage" time="0.009" /><testcase classname="tests.test_design_system" name="test_design_assets_are_application_owned" time="0.010" /><testcase classname="tests.test_design_system" name="test_design_system_has_no_legacy_icon_font_dependency" time="0.014" /><testcase classname="tests.test_design_system" name="test_design_reference_requires_authentication" time="0.054" /><testcase classname="tests.test_design_system" name="test_design_reference_rejects_authenticated_non_staff" time="0.257" /><testcase classname="tests.test_design_system" name="test_design_reference_uses_normal_tenant_resolution" time="0.104" /><testcase classname="tests.test_design_system" name="test_design_reference_is_pt_br_accessible_and_demo_free" time="0.272" /><testcase classname="tests.test_exercises" name="test_seed_default_exercises" time="0.252" /><testcase classname="tests.test_exercises" name="test_create_and_version_exercise" time="0.371" /><testcase classname="tests.test_exercises" name="test_non_therapist_cannot_manage_catalog" time="0.334" /><testcase classname="tests.test_exercises" name="test_exercise_execution_and_semaphore" time="0.498" /><testcase classname="tests.test_exercises" name="test_private_visibility_blocks_therapist_comments" time="0.224" /><testcase classname="tests.test_exercises" name="test_exercise_http_flow" time="0.493" /><testcase classname="tests.test_finance" name="test_set_service_price_requires_admin" time="0.038" /><testcase classname="tests.test_finance" name="test_set_service_price_rejects_negative" time="0.029" /><testcase classname="tests.test_finance" name="test_generate_charge_captures_price_in_effect" time="0.052" /><testcase classname="tests.test_finance" name="test_generate_charge_is_idempotent" time="0.060" /><testcase classname="tests.test_finance" name="test_generate_charge_requires_confirmed_appointment" time="0.032" /><testcase classname="tests.test_finance" name="test_generate_charge_requires_price" time="0.034" /><testcase classname="tests.test_finance" name="test_settle_charge_records_actor_and_audit" time="0.099" /><testcase classname="tests.test_finance" name="test_cancel_charge_records_reason" time="0.070" /><testcase classname="tests.test_finance" name="test_settle_charge_denies_non_finance_role" time="0.061" /><testcase classname="tests.test_finance" name="test_charge_cross_clinic_denied" time="0.088" /><testcase classname="tests.test_finance" name="test_charge_list_http" time="0.114" /><testcase classname="tests.test_finance" name="test_service_price_create_http" time="0.115" /><testcase classname="tests.test_finance_reporting" name="test_dashboard_reconciles_with_charges" time="0.187" /><testcase classname="tests.test_finance_reporting" name="test_dashboard_counts_open_and_overdue" time="0.111" /><testcase classname="tests.test_finance_reporting" name="test_dashboard_includes_settled_payout" time="0.336" /><testcase classname="tests.test_finance_reporting" name="test_dashboard_requires_admin" time="0.038" /><testcase classname="tests.test_finance_reporting" name="test_dashboard_rejects_inverted_period" time="0.031" /><testcase classname="tests.test_finance_reporting" name="test_export_csv_and_download" time="0.128" /><testcase classname="tests.test_finance_reporting" name="test_export_download_wrong_key_denied" time="0.131" /><testcase classname="tests.test_finance_reporting" name="test_export_download_non_admin_denied" time="0.131" /><testcase classname="tests.test_finance_reporting" name="test_export_download_expired_denied" time="0.131" /><testcase classname="tests.test_finance_reporting" name="test_export_download_cross_clinic_denied" time="0.109" /><testcase classname="tests.test_form_components" name="test_visual_reference_catalogs_the_accessible_form" time="0.116" /><testcase classname="tests.test_form_components" name="test_visual_reference_validates_posted_form_on_the_server" time="0.122" /><testcase classname="tests.test_form_components" name="test_visual_reference_reports_a_valid_server_submission" time="0.116" /><testcase classname="tests.test_goals" name="test_goal_created_with_steps_priority_and_status" time="0.123" /><testcase classname="tests.test_goals" name="test_goal_creation_validations" time="0.117" /><testcase classname="tests.test_goals" name="test_goal_denied_for_non_patient" time="0.017" /><testcase classname="tests.test_goals" name="test_progress_calculated_from_completed_steps" time="0.145" /><testcase classname="tests.test_goals" name="test_reopen_and_due_date_change_preserve_history" time="0.185" /><testcase classname="tests.test_goals" name="test_goal_without_steps_zero_progress" time="0.126" /><testcase classname="tests.test_goals" name="test_therapist_sees_only_shareable_goals" time="0.222" /><testcase classname="tests.test_goals" name="test_goal_access_denied_after_revocation" time="0.174" /><testcase classname="tests.test_goals" name="test_overdue_due_date_is_flagged_not_blocked" time="0.147" /><testcase classname="tests.test_goals" name="test_cross_clinic_goal_access_denied" time="0.264" /><testcase classname="tests.test_goals" name="test_goal_panel_http_flow" time="0.491" /><testcase classname="tests.test_goals" name="test_goal_empty_state_and_status_filter_http" time="0.680" /><testcase classname="tests.test_identity_migration_boundaries" name="test_expired_totp_challenge_does_not_grant_mfa_session" time="0.172" /><testcase classname="tests.test_identity_migration_boundaries" name="test_technical_superuser_without_membership_has_no_clinical_scope" time="0.105" /><testcase classname="tests.test_integration_calendars" name="test_oauth_state_tamper_and_expiry_protection" time="0.018" /><testcase classname="tests.test_integration_calendars" name="test_oauth_state_accepts_signature_containing_separator" time="0.019" /><testcase classname="tests.test_integration_calendars" name="test_calendar_authorization_status_and_expiration_warning" time="0.072" /><testcase classname="tests.test_integration_calendars" name="test_appointment_calendar_sync_lifecycle_and_minimized_data" time="0.083" /><testcase classname="tests.test_integration_calendars" name="test_calendar_conflict_detection_and_resolution" time="0.087" /><testcase classname="tests.test_integration_platform" name="test_credential_vault_encryption_decryption_and_integrity" time="0.048" /><testcase classname="tests.test_integration_platform" name="test_credential_rotation_and_revocation" time="0.098" /><testcase classname="tests.test_integration_platform" name="test_credential_tenant_isolation" time="0.048" /><testcase classname="tests.test_integration_platform" name="test_webhook_ingest_signature_validation_and_sanitization" time="0.017" /><testcase classname="tests.test_integration_platform" name="test_webhook_idempotent_deduplication" time="0.016" /><testcase classname="tests.test_integration_platform" name="test_webhook_processing_retries_and_dead_letter" time="0.081" /><testcase classname="tests.test_integration_platform" name="test_integration_telemetry_metrics" time="0.020" /><testcase classname="tests.test_integration_sagas" name="test_appointment_saga_full_journey_success" time="0.135" /><testcase classname="tests.test_integration_sagas" name="test_appointment_saga_transactional_compensation" time="0.058" /><testcase classname="tests.test_integration_sagas" name="test_circuit_breaker_trips_to_fallback" time="0.045" /><testcase classname="tests.test_integration_sagas" name="test_operational_dashboard_and_reconciliation" time="0.071" /><testcase classname="tests.test_integration_video" name="test_clinical_video_session_and_ephemeral_token_lifecycle" time="0.066" /><testcase classname="tests.test_integration_video" name="test_bilateral_recording_consent_controls" time="0.095" /><testcase classname="tests.test_integration_video" name="test_waiting_room_device_checks_and_admission" time="0.099" /><testcase classname="tests.test_integration_video" name="test_quality_telemetry_degradation_and_session_closing" time="0.093" /><testcase classname="tests.test_integration_whatsapp" name="test_whatsapp_consent_lifecycle_and_verification" time="0.082" /><testcase classname="tests.test_integration_whatsapp" name="test_whatsapp_template_catalog_blocks_clinical_terms" time="0.017" /><testcase classname="tests.test_integration_whatsapp" name="test_whatsapp_send_enforces_consent_and_updates_timeline" time="0.052" /><testcase classname="tests.test_integration_whatsapp" name="test_whatsapp_inbound_parsing_and_opt_out_action" time="0.036" /><testcase classname="tests.test_integrations_api_portal" name="test_api_openapi_spec_and_forbidden_scope_enforcement" time="0.019" /><testcase classname="tests.test_integrations_api_portal" name="test_api_client_registration_and_secret_rotation" time="0.036" /><testcase classname="tests.test_integrations_api_portal" name="test_api_token_lifecycle_authentication_and_scopes" time="0.065" /><testcase classname="tests.test_integrations_api_portal" name="test_multi_tenant_isolation_rejects_cross_tenant_token" time="0.034" /><testcase classname="tests.test_integrations_api_portal" name="test_api_client_revocation_invalidates_all_tokens" time="0.045" /><testcase classname="tests.test_integrations_api_portal" name="test_api_idempotency_caching_and_conflict_detection" time="0.028" /><testcase classname="tests.test_integrations_api_portal" name="test_api_rate_limiting_enforcement" time="0.023" /><testcase classname="tests.test_integrations_observability_rollout" name="test_partner_homologation_dpa_and_data_residency" time="0.021" /><testcase classname="tests.test_integrations_observability_rollout" name="test_canary_rollout_and_automated_rollback_on_error_budget_exhaustion" time="0.017" /><testcase classname="tests.test_integrations_observability_rollout" name="test_manual_emergency_circuit_breaker" time="0.028" /><testcase classname="tests.test_integrations_pwa_offline" name="test_offline_reading_allowed_and_forbidden_resources" time="0.014" /><testcase classname="tests.test_integrations_pwa_offline" name="test_offline_sync_queue_conflict_detection_and_explicit_resolution" time="0.031" /><testcase classname="tests.test_integrations_pwa_offline" name="test_remote_wipe_command_invalidates_offline_queue" time="0.021" /><testcase classname="tests.test_integrations_webhooks_csv_wearables" name="test_webhook_catalog_and_forbidden_events" time="0.019" /><testcase classname="tests.test_integrations_webhooks_csv_wearables" name="test_webhook_dispatch_hmac_signing_and_dead_letter_replay" time="0.037" /><testcase classname="tests.test_integrations_webhooks_csv_wearables" name="test_csv_import_formula_defense_and_line_validation" time="0.021" /><testcase classname="tests.test_integrations_webhooks_csv_wearables" name="test_csv_export_audit_purpose_and_formula_neutralization" time="0.049" /><testcase classname="tests.test_integrations_webhooks_csv_wearables" name="test_wearable_opt_in_informative_ingestion_and_erasure" time="0.031" /><testcase classname="tests.test_journal" name="test_patient_creates_journal_entry_with_visibility" time="0.136" /><testcase classname="tests.test_journal" name="test_journal_entry_rejects_invalid_intensity_and_emotion" time="0.129" /><testcase classname="tests.test_journal" name="test_visibility_change_is_audited" time="0.159" /><testcase classname="tests.test_journal" name="test_therapist_visible_entries_exclude_private_and_confirmation_required" time="0.238" /><testcase classname="tests.test_journal" name="test_journal_denies_other_patient_and_unlinked_therapist" time="0.251" /><testcase classname="tests.test_journal" name="test_journal_entry_rejects_oversized_text" time="0.121" /><testcase classname="tests.test_journal" name="test_journal_update_limited_to_author" time="0.257" /><testcase classname="tests.test_journal" name="test_journal_cross_clinic_access_is_denied" time="0.245" /><testcase classname="tests.test_journal" name="test_journal_entry_form_validation" time="0.010" /><testcase classname="tests.test_journal" name="test_journal_filter_form_defaults" time="0.005" /><testcase classname="tests.test_journal" name="test_patient_journal_calendar_selector" time="0.129" /><testcase classname="tests.test_journal" name="test_journal_views_create_and_list_flow" time="0.358" /><testcase classname="tests.test_journal" name="test_journal_views_validation_error_rendering" time="0.214" /><testcase classname="tests.test_journal" name="test_journal_detail_and_edit_flow" time="0.493" /><testcase classname="tests.test_journal" name="test_journal_views_security_and_authorization" time="0.601" /><testcase classname="tests.test_journal" name="test_journal_history_filtering_and_pagination" time="0.943" /><testcase classname="tests.test_journal" name="test_sharing_traffic_light_yellow_request_grant_and_revoke_flow" time="0.644" /><testcase classname="tests.test_journal" name="test_therapist_cannot_request_access_to_private_red_entry" time="0.190" /><testcase classname="tests.test_journal" name="test_unlinked_therapist_cannot_request_access_to_yellow_entry" time="0.300" /><testcase classname="tests.test_journal" name="test_patient_can_reject_access_request" time="0.340" /><testcase classname="tests.test_layouts" name="test_duralux_shell_css_has_responsive_drawer_and_brand_contract" time="0.012" /><testcase classname="tests.test_layouts" name="test_navigation_partial_uses_duralux_classes_without_legacy_shell_classes" time="0.008" /><testcase classname="tests.test_layouts" name="test_active_clinics_selector_returns_only_current_authorized_memberships" time="0.073" /><testcase classname="tests.test_layouts" name="test_workspace_layouts_share_semantics_and_authorized_context[workspace_vertical-Navega\xe7\xe3o vertical-layout-vertical]" time="0.164" /><testcase classname="tests.test_layouts" name="test_workspace_layouts_share_semantics_and_authorized_context[workspace_detached-Navega\xe7\xe3o destacada-layout-detached]" time="0.092" /><testcase classname="tests.test_layouts" name="test_workspace_shell_uses_only_the_duralux_runtime" time="0.108" /><testcase classname="tests.test_layouts" name="test_mobile_drawer_has_focus_escape_overlay_and_scroll_lock_contract" time="0.101" /><testcase classname="tests.test_layouts" name="test_mobile_drawer_closes_when_viewport_enters_desktop_mode" time="0.008" /><testcase classname="tests.test_layouts" name="test_product_shell_supports_accessible_local_text_copy" time="0.005" /><testcase classname="tests.test_layouts" name="test_workspace_requires_authenticated_active_tenant" time="0.048" /><testcase classname="tests.test_layouts" name="test_switch_review_is_get_only_revalidates_and_does_not_mutate" time="0.149" /><testcase classname="tests.test_layouts" name="test_confirm_switch_reauthorizes_rotates_session_and_redirects_locally" time="0.102" /><testcase classname="tests.test_layouts" name="test_switch_preserves_tracked_session_under_fail_closed_validation" time="0.203" /><testcase classname="tests.test_layouts" name="test_switch_rejects_malformed_target_without_mutation[not-a-uuid]" time="0.104" /><testcase classname="tests.test_layouts" name="test_switch_rejects_malformed_target_without_mutation[]" time="0.083" /><testcase classname="tests.test_layouts" name="test_switch_rejects_malformed_target_without_mutation[None]" time="0.103" /><testcase classname="tests.test_layouts" name="test_switch_rejects_other_inactive_or_expired_clinic" time="0.199" /><testcase classname="tests.test_layouts" name="test_switch_blocks_external_redirect" time="0.079" /><testcase classname="tests.test_layouts" name="test_product_shell_replaces_alpine_without_demo_application_bundle" time="0.004" /><testcase classname="tests.test_layouts" name="test_unknown_clinic_uuid_is_denied_without_enumeration" time="0.103" /><testcase classname="tests.test_layouts" name="test_sprint_three_account_and_error_templates_use_duralux_foundation" time="0.006" /><testcase classname="tests.test_learning_data_erasure" name="test_database_adapter_erases_learning_data_on_erasure" time="0.082" /><testcase classname="tests.test_learning_data_erasure" name="test_database_adapter_does_not_erase_on_correction" time="0.064" /><testcase classname="tests.test_learning_experience" name="test_learning_events_consolidate_progress_and_reject_duplicates" time="0.181" /><testcase classname="tests.test_learning_experience" name="test_media_playback_grant_is_tenant_bound_and_expiring" time="0.088" /><testcase classname="tests.test_learning_experience" name="test_media_playback_grant_denies_draft_content_to_patients" time="0.058" /><testcase classname="tests.test_learning_experience" name="test_favorites_private_notes_export_and_deletion" time="0.124" /><testcase classname="tests.test_learning_experience" name="test_lesson_player_template_meets_accessibility_contract" time="0.005" /><testcase classname="tests.test_learning_experience_round3" name="test_duplicate_learning_event_is_idempotent_not_denied" time="0.076" /><testcase classname="tests.test_learning_experience_round3" name="test_learning_services_emit_audit_events" time="0.096" /><testcase classname="tests.test_learning_experience_round3" name="test_lesson_media_transcript_and_captions_are_persisted" time="0.047" /><testcase classname="tests.test_learning_experience_round3" name="test_lesson_player_renders_video_with_speed_and_resume" time="0.160" /><testcase classname="tests.test_learning_experience_round3" name="test_delete_learning_data_removes_favorites_and_notes" time="0.119" /><testcase classname="tests.test_learning_experience_round3" name="test_learning_data_is_tenant_scoped_on_delete" time="0.422" /><testcase classname="tests.test_learning_player_http" name="test_lesson_page_renders_player_for_enrolled_learner" time="0.258" /><testcase classname="tests.test_learning_player_http" name="test_lesson_event_post_records_progress_and_rejects_foreign_lesson" time="0.272" /><testcase classname="tests.test_learning_player_http" name="test_lesson_page_denies_unenrolled_member" time="0.116" /><testcase classname="tests.test_learning_player_http" name="test_lesson_page_foreign_course_is_404" time="0.217" /><testcase classname="tests.test_ledger" name="test_post_double_entry_is_balanced" time="0.196" /><testcase classname="tests.test_ledger" name="test_post_double_entry_rejects_same_account" time="0.061" /><testcase classname="tests.test_ledger" name="test_ledger_entries_are_append_only" time="0.153" /><testcase classname="tests.test_ledger" name="test_ledger_balance_computes" time="0.118" /><testcase classname="tests.test_ledger" name="test_ledger_cross_clinic_denied" time="0.027" /><testcase classname="tests.test_ledger" name="test_import_statement_records_cursor_and_checksum" time="0.074" /><testcase classname="tests.test_ledger" name="test_reconciliation_matches_within_tolerance" time="0.041" /><testcase classname="tests.test_ledger" name="test_reconciliation_flags_divergence" time="0.042" /><testcase classname="tests.test_ledger" name="test_reconciliation_is_idempotent_by_external_id" time="0.056" /><testcase classname="tests.test_ledger" name="test_close_period_locks_balance" time="0.191" /><testcase classname="tests.test_ledger" name="test_close_period_rejects_duplicate" time="0.134" /><testcase classname="tests.test_ledger" name="test_reopen_period_records_trail" time="0.318" /><testcase classname="tests.test_low_energy" name="test_configure_actions_with_authorship" time="0.285" /><testcase classname="tests.test_low_energy" name="test_configure_requires_at_least_one_action" time="0.135" /><testcase classname="tests.test_low_energy" name="test_activate_uses_configured_actions_with_limit" time="0.204" /><testcase classname="tests.test_low_energy" name="test_activation_requires_configured_template" time="0.158" /><testcase classname="tests.test_low_energy" name="test_non_essential_notifications_suppressed_essential_pass" time="0.232" /><testcase classname="tests.test_low_energy" name="test_auto_expiration_of_stale_sessions" time="0.164" /><testcase classname="tests.test_low_energy" name="test_low_energy_never_diagnoses_or_escalates" time="0.194" /><testcase classname="tests.test_low_energy" name="test_low_energy_http_flow" time="0.556" /><testcase classname="tests.test_medical_records_documents" name="test_upload_valid_pdf_enters_quarantine" time="0.058" /><testcase classname="tests.test_medical_records_documents" name="test_upload_rejected_for_forbidden_mime_type" time="0.021" /><testcase classname="tests.test_medical_records_documents" name="test_upload_rejected_for_unsupported_mime_type" time="0.026" /><testcase classname="tests.test_medical_records_documents" name="test_upload_rejected_for_embedded_active_content" time="0.027" /><testcase classname="tests.test_medical_records_documents" name="test_clean_document_promoted_after_scan" time="0.059" /><testcase classname="tests.test_medical_records_documents" name="test_infected_document_rejected_after_scan" time="0.115" /><testcase classname="tests.test_medical_records_documents" name="test_download_url_generated_with_access_log" time="0.146" /><testcase classname="tests.test_medical_records_documents" name="test_quarantined_document_not_accessible_for_download" time="0.087" /><testcase classname="tests.test_medical_records_entries" name="test_create_clinical_episode" time="0.059" /><testcase classname="tests.test_medical_records_entries" name="test_create_record_entry_draft_and_version_snapshot" time="0.065" /><testcase classname="tests.test_medical_records_entries" name="test_update_draft_with_optimistic_concurrency_control" time="0.101" /><testcase classname="tests.test_medical_records_entries" name="test_optimistic_lock_conflict_raises" time="0.102" /><testcase classname="tests.test_medical_records_entries" name="test_signed_entry_becomes_immutable" time="0.157" /><testcase classname="tests.test_medical_records_entries" name="test_addendum_on_signed_entry" time="0.174" /><testcase classname="tests.test_medical_records_entries" name="test_addendum_cannot_be_created_on_draft" time="0.069" /><testcase classname="tests.test_medical_records_governance" name="test_rollout_flag_created_on_demand" time="0.026" /><testcase classname="tests.test_medical_records_governance" name="test_update_rollout_flags_enables_records" time="0.059" /><testcase classname="tests.test_medical_records_governance" name="test_emergency_read_only_mode_blocks_writes" time="0.085" /><testcase classname="tests.test_medical_records_governance" name="test_emergency_read_only_can_be_deactivated" time="0.065" /><testcase classname="tests.test_medical_records_governance" name="test_multi_tenant_isolation_for_rollout_flags" time="0.040" /><testcase classname="tests.test_medical_records_governance" name="test_request_medical_record_export" time="0.030" /><testcase classname="tests.test_medical_records_retention" name="test_create_ret
[...]
="tests.test_regulatory_governance" name="test_gate_rejects_missing_traceability_field" time="0.134" /><testcase classname="tests.test_regulatory_governance" name="test_gate_rejects_nonexistent_obligation_evidence_and_verification" time="0.124" /><testcase classname="tests.test_regulatory_governance" name="test_gate_rejects_release_without_current_human_acceptances" time="0.132" /><testcase classname="tests.test_regulatory_governance" name="test_gate_rejects_unverifiable_human_acceptances" time="0.145" /><testcase classname="tests.test_regulatory_governance" name="test_gate_rejects_missing_acceptance_evidence_file" time="0.196" /><testcase classname="tests.test_regulatory_governance" name="test_gate_rejects_mismatched_acceptance_evidence_digest" time="0.212" /><testcase classname="tests.test_regulatory_governance" name="test_gate_rejects_invalid_acceptance_timestamp" time="0.238" /><testcase classname="tests.test_regulatory_governance" name="test_gate_rejects_unassessed_or_stale_normative_source" time="0.244" /><testcase classname="tests.test_regulatory_governance" name="test_gate_rejects_invalid_obligation_effective_from" time="0.298" /><testcase classname="tests.test_regulatory_governance" name="test_gate_rejects_unassessed_obligation_effective_status" time="0.280" /><testcase classname="tests.test_regulatory_governance" name="test_gate_rejects_backlog_task_missing_from_prd" time="0.224" /><testcase classname="tests.test_regulatory_governance" name="test_gate_rejects_future_acceptance_timestamp" time="0.220" /><testcase classname="tests.test_regulatory_governance" name="test_gate_rejects_nonaffirmative_accepted_decision" time="0.295" /><testcase classname="tests.test_regulatory_governance" name="test_gate_rejects_acceptance_for_different_release_scope" time="0.333" /><testcase classname="tests.test_regulatory_governance" name="test_gate_rejects_invalid_or_expired_release_review[not-a-date]" time="0.184" /><testcase classname="tests.test_regulatory_governance" name="test_gate_rejects_invalid_or_expired_release_review[2026-08-31]" time="0.169" /><testcase classname="tests.test_regulatory_governance" name="test_gate_rejects_unsupported_matrix_schema" time="0.147" /><testcase classname="tests.test_regulatory_governance" name="test_gate_rejects_stale_matrix_review_metadata" time="0.159" /><testcase classname="tests.test_regulatory_governance" name="test_ci_executes_regulatory_matrix_gate" time="0.003" /><testcase classname="tests.test_security_controls" name="test_application_responses_have_restrictive_security_headers" time="0.025" /><testcase classname="tests.test_security_controls" name="test_security_middleware_overrides_permissive_downstream_headers" time="0.004" /><testcase classname="tests.test_security_controls" name="test_production_enforces_secure_session_and_csrf_configuration" time="0.203" /><testcase classname="tests.test_security_controls" name="test_production_requires_a_shared_cache_for_authentication_limits" time="0.278" /><testcase classname="tests.test_security_controls" name="test_private_upload_policy_accepts_allowlisted_pdf_after_clean_scan" time="0.002" /><testcase classname="tests.test_security_controls" name="test_upload_service_owns_quarantine_key_and_promotes_only_clean_files" time="0.002" /><testcase classname="tests.test_security_controls" name="test_private_upload_policy_rejects_mismatched_or_executable_content[upload0]" time="0.002" /><testcase classname="tests.test_security_controls" name="test_private_upload_policy_rejects_mismatched_or_executable_content[upload1]" time="0.002" /><testcase classname="tests.test_security_controls" name="test_private_upload_policy_rejects_mismatched_or_executable_content[upload2]" time="0.002" /><testcase classname="tests.test_security_controls" name="test_private_download_grant_is_tenant_bound_and_expires" time="0.002" /><testcase classname="tests.test_security_controls" name="test_ci_blocks_committed_secrets_with_repository_owned_scanner" time="0.002" /><testcase classname="tests.test_security_controls" name="test_secret_scanner_detects_generic_high_entropy_credentials" time="0.002" /><testcase classname="tests.test_security_controls" name="test_security_operations_document_rotation_encryption_and_private_storage" time="0.002" /><testcase classname="tests.test_smoke" name="test_test_settings_import" time="0.002" /><testcase classname="tests.test_smoke" name="test_root_url_resolves_to_home" time="0.002" /><testcase classname="tests.test_smoke" name="test_root_endpoint_uses_brazilian_portuguese" time="0.021" /><testcase classname="tests.test_smoke" name="test_production_settings_reject_missing_secret" time="0.002" /><testcase classname="tests.test_smoke" name="test_environment_settings_avoid_wildcard_imports" time="0.002" /><testcase classname="tests.test_smoke" name="test_test_settings_can_select_postgresql_for_ci" time="0.169" /><testcase classname="tests.test_sprint4_duralux_templates" name="test_sprint4_templates_use_product_classes_instead_of_inline_code" time="0.008" /><testcase classname="tests.test_sprint4_duralux_templates" name="test_keyboard_focus_outweighs_vendor_control_resets" time="0.003" /><testcase classname="tests.test_sprint4_duralux_templates" name="test_workspace_text_uses_theme_foreground_for_inherited_labels" time="0.004" /><testcase classname="tests.test_sprint4_duralux_templates" name="test_shell_neutralizes_transitional_legacy_grid" time="0.004" /><testcase classname="tests.test_sprint4_duralux_templates" name="test_sprint4_children_do_not_nest_main_landmarks" time="0.005" /><testcase classname="tests.test_sprint4_duralux_templates" name="test_therapist_dashboard_uses_local_progressive_chart_enhancement" time="0.002" /><testcase classname="tests.test_support_network_governance" name="test_wcag_22_aa_and_non_coercive_disclaimers" time="0.002" /><testcase classname="tests.test_template_compilation" name="test_application_template_compiles[accounts/auth_base.html]" time="0.003" /><testcase classname="tests.test_template_compilation" name="test_application_template_compiles[accounts/auth_form.html]" time="0.003" /><testcase classname="tests.test_template_compilation" name="test_application_template_compiles[accounts/auth_message.html]" time="0.002" /><testcase classname="tests.test_template_compilation" name="test_application_template_compiles[accounts/mfa_enroll.html]" time="0.002" /><testcase classname="tests.test_template_compilation" name="test_application_template_compiles[accounts/mfa_recovery_codes.html]" time="0.002" /><testcase classname="tests.test_template_compilation" name="test_application_template_compiles[accounts/sessions.html]" time="0.002" /><testcase classname="tests.test_template_compilation" name="test_application_template_compiles[analytics/clinic_panel.html]" time="0.005" /><testcase classname="tests.test_template_compilation" name="test_application_template_compiles[analytics/patient_dashboard.html]" time="0.002" /><testcase classname="tests.test_template_compilation" name="test_application_template_compiles[analytics/report_list.html]" time="0.002" /><testcase classname="tests.test_template_compilation" name="test_application_template_compiles[analytics/therapist_dashboard.html]" time="0.005" /><testcase classname="tests.test_template_compilation" name="test_application_template_compiles[clinics/confirm_switch.html]" time="0.005" /><testcase classname="tests.test_template_compilation" name="test_application_template_compiles[clinics/setup.html]" time="0.004" /><testcase classname="tests.test_template_compilation" name="test_application_template_compiles[clinics/whitelabel_domains.html]" time="0.008" /><testcase classname="tests.test_template_compilation" name="test_application_template_compiles[components/content_state.html]" time="0.004" /><testcase classname="tests.test_template_compilation" name="test_application_template_compiles[components/duralux_field.html]" time="0.004" /><testcase classname="tests.test_template_compilation" name="test_application_template_compiles[components/form.html]" time="0.004" /><testcase classname="tests.test_template_compilation" name="test_application_template_compiles[components/pagination.html]" time="0.004" /><testcase classname="tests.test_template_compilation" name="test_application_template_compiles[components/responsive_table.html]" time="0.004" /><testcase classname="tests.test_template_compilation" name="test_application_template_compiles[components/summary_card.html]" time="0.005" /><testcase classname="tests.test_template_compilation" name="test_application_template_compiles[consents/center.html]" time="0.004" /><testcase classname="tests.test_template_compilation" name="test_application_template_compiles[consents/decision_error.html]" time="0.003" /><testcase classname="tests.test_template_compilation" name="test_application_template_compiles[consents/partials/document_decision.html]" time="0.003" /><testcase classname="tests.test_template_compilation" name="test_application_template_compiles[consents/revocation_error.html]" time="0.003" /><testcase classname="tests.test_template_compilation" name="test_application_template_compiles[consents/revocation_work_error.html]" time="0.002" /><testcase classname="tests.test_template_compilation" name="test_application_template_compiles[consents/revocation_work_queue.html]" time="0.002" /><testcase classname="tests.test_template_compilation" name="test_application_template_compiles[content/detail.html]" time="0.002" /><testcase classname="tests.test_template_compilation" name="test_application_template_compiles[content/editorial_compare.html]" time="0.003" /><testcase classname="tests.test_template_compilation" name="test_application_template_compiles[content/editorial_create.html]" time="0.003" /><testcase classname="tests.test_template_compilation" name="test_application_template_compiles[content/editorial_detail.html]" time="0.003" /><testcase classname="tests.test_template_compilation" name="test_application_template_compiles[content/editorial_index.html]" time="0.005" /><testcase classname="tests.test_template_compilation" name="test_application_template_compiles[content/editorial_preview.html]" time="0.004" /><testcase classname="tests.test_template_compilation" name="test_application_template_compiles[content/learning/certificate.html]" time="0.003" /><testcase classname="tests.test_template_compilation" name="test_application_template_compiles[content/learning/certificate_verify.html]" time="0.002" /><testcase classname="tests.test_template_compilation" name="test_application_template_compiles[content/learning/cohort_detail.html]" time="0.003" /><testcase classname="tests.test_template_compilation" name="test_application_template_compiles[content/learning/course_detail.html]" time="0.002" /><testcase classname="tests.test_template_compilation" name="test_application_template_compiles[content/learning/index.html]" time="0.002" /><testcase classname="tests.test_template_compilation" name="test_application_template_compiles[content/learning/lesson_page.html]" time="0.002" /><testcase classname="tests.test_template_compilation" name="test_application_template_compiles[content/learning/module_detail.html]" time="0.003" /><testcase classname="tests.test_template_compilation" name="test_application_template_compiles[content/learning/quiz_detail.html]" time="0.004" /><testcase classname="tests.test_template_compilation" name="test_application_template_compiles[content/learning/quiz_feedback.html]" time="0.002" /><testcase classname="tests.test_template_compilation" name="test_application_template_compiles[content/learning/quiz_participate.html]" time="0.002" /><testcase classname="tests.test_template_compilation" name="test_application_template_compiles[content/lesson_player.html]" time="0.002" /><testcase classname="tests.test_template_compilation" name="test_application_template_compiles[content/library.html]" time="0.002" /><testcase classname="tests.test_template_compilation" name="test_application_template_compiles[content/notifications.html]" time="0.002" /><testcase classname="tests.test_template_compilation" name="test_application_template_compiles[content/recommendations.html]" time="0.002" /><testcase classname="tests.test_template_compilation" name="test_application_template_compiles[content/reports.html]" time="0.002" /><testcase classname="tests.test_template_compilation" name="test_application_template_compiles[errors/400.html]" time="0.001" /><testcase classname="tests.test_template_compilation" name="test_application_template_compiles[errors/403.html]" time="0.001" /><testcase classname="tests.test_template_compilation" name="test_application_template_compiles[errors/404.html]" time="0.001" /><testcase classname="tests.test_template_compilation" name="test_application_template_compiles[errors/500.html]" time="0.001" /><testcase classname="tests.test_template_compilation" name="test_application_template_compiles[finance/charge_list.html]" time="0.001" /><testcase classname="tests.test_template_compilation" name="test_application_template_compiles[finance/service_price_form.html]" time="0.002" /><testcase classname="tests.test_template_compilation" name="test_application_template_compiles[goals/detail.html]" time="0.002" /><testcase classname="tests.test_template_compilation" name="test_application_template_compiles[goals/exercise_assign.html]" time="0.002" /><testcase classname="tests.test_template_compilation" name="test_application_template_compiles[goals/exercise_catalog.html]" time="0.004" /><testcase classname="tests.test_template_compilation" name="test_application_template_compiles[goals/exercise_execute.html]" time="0.003" /><testcase classname="tests.test_template_compilation" name="test_application_template_compiles[goals/exercise_execution_detail.html]" time="0.001" /><testcase classname="tests.test_template_compilation" name="test_application_template_compiles[goals/exercise_form.html]" time="0.004" /><testcase classname="tests.test_template_compilation" name="test_application_template_compiles[goals/form.html]" time="0.002" /><testcase classname="tests.test_template_compilation" name="test_application_template_compiles[goals/list.html]" time="0.002" /><testcase classname="tests.test_template_compilation" name="test_application_template_compiles[goals/low_energy.html]" time="0.002" /><testcase classname="tests.test_template_compilation" name="test_application_template_compiles[goals/patient_exercises.html]" time="0.002" /><testcase classname="tests.test_template_compilation" name="test_application_template_compiles[journal/checkin_list.html]" time="0.002" /><testcase classname="tests.test_template_compilation" name="test_application_template_compiles[journal/checkin_today.html]" time="0.002" /><testcase classname="tests.test_template_compilation" name="test_application_template_compiles[journal/checkin_unavailable.html]" time="0.002" /><testcase classname="tests.test_template_compilation" name="test_application_template_compiles[journal/detail.html]" time="0.002" /><testcase classname="tests.test_template_compilation" name="test_application_template_compiles[journal/form.html]" time="0.002" /><testcase classname="tests.test_template_compilation" name="test_application_template_compiles[journal/list.html]" time="0.002" /><testcase classname="tests.test_template_compilation" name="test_application_template_compiles[journal/partials/calendar.html]" time="0.002" /><testcase classname="tests.test_template_compilation" name="test_application_template_compiles[layouts/base.html]" time="0.002" /><testcase classname="tests.test_template_compilation" name="test_application_template_compiles[layouts/detached.html]" time="0.002" /><testcase classname="tests.test_template_compilation" name="test_application_template_compiles[layouts/partials/brand.html]" time="0.001" /><testcase classname="tests.test_template_compilation" name="test_application_template_compiles[layouts/partials/header.html]" time="0.001" /><testcase classname="tests.test_template_compilation" name="test_application_template_compiles[layouts/partials/messages.html]" time="0.001" /><testcase classname="tests.test_template_compilation" name="test_application_template_compiles[layouts/partials/navigation.html]" time="0.001" /><testcase classname="tests.test_template_compilation" name="test_application_template_compiles[layouts/vertical.html]" time="0.001" /><testcase classname="tests.test_template_compilation" name="test_application_template_compiles[onboarding/clinic_checklist.html]" time="0.002" /><testcase classname="tests.test_template_compilation" name="test_application_template_compiles[onboarding/patient_onboarding.html]" time="0.001" /><testcase classname="tests.test_template_compilation" name="test_application_template_compiles[people/patient_detail.html]" time="0.002" /><testcase classname="tests.test_template_compilation" name="test_application_template_compiles[people/patient_form.html]" time="0.001" /><testcase classname="tests.test_template_compilation" name="test_application_template_compiles[people/patient_list.html]" time="0.001" /><testcase classname="tests.test_template_compilation" name="test_application_template_compiles[people/professional_list.html]" time="0.002" /><testcase classname="tests.test_template_compilation" name="test_application_template_compiles[scheduling/appointment_calendar.html]" time="0.002" /><testcase classname="tests.test_template_compilation" name="test_application_template_compiles[scheduling/appointment_list.html]" time="0.002" /><testcase classname="tests.test_template_compilation" name="test_application_template_compiles[scheduling/appointment_request.html]" time="0.001" /><testcase classname="tests.test_template_compilation" name="test_application_template_compiles[scheduling/appointment_reschedule.html]" time="0.003" /><testcase classname="tests.test_template_compilation" name="test_application_template_compiles[scheduling/conversation_create.html]" time="0.002" /><testcase classname="tests.test_template_compilation" name="test_application_template_compiles[scheduling/conversation_detail.html]" time="0.001" /><testcase classname="tests.test_template_compilation" name="test_application_template_compiles[scheduling/conversation_list.html]" time="0.003" /><testcase classname="tests.test_template_compilation" name="test_application_template_compiles[scheduling/reminder_preferences.html]" time="0.003" /><testcase classname="tests.test_template_compilation" name="test_application_template_compiles[scheduling/room_form.html]" time="0.002" /><testcase classname="tests.test_template_compilation" name="test_application_template_compiles[scheduling/unit_form.html]" time="0.003" /><testcase classname="tests.test_template_compilation" name="test_application_template_compiles[scheduling/unit_list.html]" time="0.002" /><testcase classname="tests.test_template_compilation" name="test_application_template_compiles[scheduling/waitlist_form.html]" time="0.002" /><testcase classname="tests.test_template_compilation" name="test_application_template_compiles[scheduling/waitlist_list.html]" time="0.001" /><testcase classname="tests.test_template_compilation" name="test_application_template_compiles[therapist_dashboard/home.html]" time="0.001" /><testcase classname="tests.test_template_compilation" name="test_application_template_compiles[visual_reference/reference.html]" time="0.001" /><testcase classname="tests.test_template_compilation" name="test_application_template_compiles[workspace/home.html]" time="0.001" /><testcase classname="tests.test_template_compilation" name="test_application_template_compiles[workspace/shortcut.html]" time="0.001" /><testcase classname="tests.test_template_compilation" name="test_summary_card_renders_the_danger_branch" time="0.002" /><testcase classname="tests.test_template_compilation" name="test_navigation_renders_pending_revocation_count" time="0.029" /></testsuite></testsuites>